----------------------------------------
Timestamp: 6/29/2022 9:21:54 PM

Message: Operation: 'ModelReset'. Parameters: 'notify:True'. Reason: 'MetaDataChange|InvalidatedModules:Telerik.Sitefinity.DynamicModules.Data.OpenAccessDynamicModuleProvider;Telerik.Sitefinity.DynamicModules.Builder.Data.OpenAccessModuleBuilderDataProvider'. User: 'admin@admin.com'. StackTrace: '
Telerik.Sitefinity.Data.OA.OpenAccessConnection: Void ResetModel(Telerik.Sitefinity.Services.OperationReason, Boolean)
Telerik.Sitefinity.Data.TransactionManager: Void CommitTransaction(System.String)
Telerik.Sitefinity.DynamicModules.Builder.Install.ModuleInstaller: Void InstallModule(Telerik.Sitefinity.DynamicModules.Builder.Model.DynamicModule, Boolean, Boolean)
Telerik.Sitefinity.DynamicModules.Builder.Web.Services.ContentTypeService: Telerik.Sitefinity.DynamicModules.Builder.Data.ContentTypeContext ActivateContentTypeInternal(System.String, System.String)
unknown: System.Object SyncInvokeActivateModule(System.Object, System.Object[], System.Object[])
System.ServiceModel.Dispatcher.SyncMethodInvoker: System.Object Invoke(System.Object, System.Object[], System.Object[] ByRef)
System.ServiceModel.Dispatcher.DispatchOperationRuntime: Void InvokeBegin(System.ServiceModel.Dispatcher.MessageRpc ByRef)
System.ServiceModel.Dispatcher.ImmutableDispatchRuntime: Void ProcessMessage5(System.ServiceModel.Dispatcher.MessageRpc ByRef)
System.ServiceModel.Dispatcher.ImmutableDispatchRuntime: Void ProcessMessage11(System.ServiceModel.Dispatcher.MessageRpc ByRef)
System.ServiceModel.Dispatcher.MessageRpc: Boolean Process(Boolean)
System.ServiceModel.Dispatcher.ChannelHandler: Boolean DispatchAndReleasePump(System.ServiceModel.Channels.RequestContext, Boolean, System.ServiceModel.OperationContext)
System.ServiceModel.Dispatcher.ChannelHandler: Boolean HandleRequest(System.ServiceModel.Channels.RequestContext, System.ServiceModel.OperationContext)
System.ServiceModel.Dispatcher.ChannelHandler: Void AsyncMessagePump(System.IAsyncResult)
System.ServiceModel.Dispatcher.ChannelHandler: Void OnAsyncReceiveComplete(System.IAsyncResult)
System.Runtime.Fx+AsyncThunk: Void UnhandledExceptionFrame(System.IAsyncResult)
Telerik.Sitefinity.Utilities.MS.ServiceModel.Web.AsyncResult: Void Complete(Boolean)
Telerik.Sitefinity.Utilities.MS.ServiceModel.Web.RequestInterceptorReplyChannelBase`1+TryReceiveRequestAsyncResult: Void InnerTryReceiveCallback(System.IAsyncResult)
System.Runtime.AsyncResult: Void Complete(Boolean)
System.Runtime.InputQueue`1+AsyncQueueReader: Void Set(Item)
System.Runtime.InputQueue`1: Void EnqueueAndDispatch(Item, Boolean)
System.Runtime.InputQueue`1: Void EnqueueAndDispatch(T, System.Action, Boolean)
System.ServiceModel.Channels.SingletonChannelAcceptor`3: Void Enqueue(QueueItemType, System.Action, Boolean)
System.ServiceModel.Channels.HttpPipeline+EnqueueMessageAsyncResult: Void CompleteParseAndEnqueue(System.IAsyncResult)
System.ServiceModel.Channels.HttpPipeline+EnqueueMessageAsyncResult: Boolean HandleParseIncomingMessage(System.IAsyncResult)
System.Runtime.AsyncResult: Boolean SyncContinue(System.IAsyncResult)
System.ServiceModel.Channels.HttpPipeline+EmptyHttpPipeline: System.IAsyncResult BeginProcessInboundRequest(System.ServiceModel.Channels.ReplyChannelAcceptor, System.Action, System.AsyncCallback, System.Object)
System.ServiceModel.Channels.HttpChannelListener`1+HttpContextReceivedAsyncResult`1: System.Runtime.AsyncCompletionResult ProcessHttpContextAsync()
System.ServiceModel.Channels.HttpChannelListener`1: System.IAsyncResult BeginHttpContextReceived(System.ServiceModel.Channels.HttpRequestContext, System.Action, System.AsyncCallback, System.Object)
System.ServiceModel.Activation.HostedHttpTransportManager: Void HttpContextReceived(System.ServiceModel.Activation.HostedHttpRequestAsyncResult)
System.ServiceModel.Activation.HostedHttpRequestAsyncResult: Void HandleRequest()
System.ServiceModel.Activation.HostedHttpRequestAsyncResult: Void BeginRequest()
System.ServiceModel.Activation.HostedHttpRequestAsyncResult: Void OnBeginRequest(System.Object)
System.ServiceModel.AspNetPartialTrustHelpers: Void PartialTrustInvoke(System.Threading.ContextCallback, System.Object)
System.ServiceModel.Activation.HostedHttpRequestAsyncResult: Void OnBeginRequestWithFlow(System.Object)
System.Runtime.IOThreadScheduler+ScheduledOverlapped: Void IOCallback(UInt32, UInt32, System.Threading.NativeOverlapped*)
System.Runtime.Fx+IOCompletionThunk: Void UnhandledExceptionFrame(UInt32, UInt32, System.Threading.NativeOverlapped*)
System.Threading._IOCompletionCallback: Void PerformIOCompletionCallback(UInt32, UInt32, System.Threading.NativeOverlapped*)'.


----------------------------------------
----------------------------------------
Timestamp: 6/29/2022 10:19:31 PM

Message: Operation: 'ModelReset'. Parameters: 'notify:True'. Reason: 'MetaDataChange|InvalidatedModules:Telerik.Sitefinity.Modules.Forms.Data.OpenAccessFormsProvider'. User: 'admin@admin.com'. StackTrace: '
Telerik.Sitefinity.Data.OA.OpenAccessConnection: Void ResetModel(Telerik.Sitefinity.Services.OperationReason, Boolean)
Telerik.Sitefinity.Data.TransactionManager: Void CommitTransaction(System.String)
Telerik.Sitefinity.Web.Api.Strategies.Decorators.SavingStrategyDecorator: Telerik.Sitefinity.Modules.OperationResult ExecuteOperation(System.Object, System.String, System.Collections.Generic.Dictionary`2[System.String,System.String])
Telerik.Sitefinity.Web.Api.OData.Controllers.DynamicDataController: Telerik.Sitefinity.Modules.OperationResult ExecuteOperationInternal(Telerik.Sitefinity.Web.Services.Contracts.IItemStrategy, System.Object, System.String, System.Collections.Generic.IDictionary`2[System.String,System.String])
Telerik.Sitefinity.Web.Api.OData.Controllers.DynamicDataController: System.Web.Http.IHttpActionResult Operation(System.String, Microsoft.AspNet.OData.ODataUntypedActionParameters)
unknown: System.Object lambda_method(System.Runtime.CompilerServices.Closure, System.Object, System.Object[])
System.Web.Http.Controllers.ReflectedHttpActionDescriptor+ActionExecutor+<>c__DisplayClass10: System.Threading.Tasks.Task`1[System.Object] <GetExecutor>b__9(System.Object, System.Object[])
System.Web.Http.Controllers.ReflectedHttpActionDescriptor: System.Threading.Tasks.Task`1[System.Object] ExecuteAsync(System.Web.Http.Controllers.HttpControllerContext, System.Collections.Generic.IDictionary`2[System.String,System.Object], System.Threading.CancellationToken)
System.Web.Http.Controllers.ApiControllerActionInvoker+<InvokeActionAsyncCore>d__0: Void MoveNext()
System.Runtime.CompilerServices.AsyncTaskMethodBuilder`1: Void Start[TStateMachine](TStateMachine ByRef)
System.Web.Http.Controllers.ApiControllerActionInvoker: System.Threading.Tasks.Task`1[System.Net.Http.HttpResponseMessage] InvokeActionAsyncCore(System.Web.Http.Controllers.HttpActionContext, System.Threading.CancellationToken)
System.Web.Http.Controllers.ApiControllerActionInvoker: System.Threading.Tasks.Task`1[System.Net.Http.HttpResponseMessage] InvokeActionAsync(System.Web.Http.Controllers.HttpActionContext, System.Threading.CancellationToken)
System.Web.Http.Controllers.ActionFilterResult: System.Threading.Tasks.Task`1[System.Net.Http.HttpResponseMessage] <ExecuteAsync>b__0(ActionInvoker)
System.Web.Http.Controllers.ActionFilterResult+<>c__DisplayClass10`1: System.Threading.Tasks.Task`1[System.Net.Http.HttpResponseMessage] <InvokeActionWithActionFilters>b__f()
System.Web.Http.Filters.ActionFilterAttribute+<CallOnActionExecutedAsync>d__5: Void MoveNext()
System.Runtime.CompilerServices.AsyncTaskMethodBuilder`1: Void Start[TStateMachine](TStateMachine ByRef)
System.Web.Http.Filters.ActionFilterAttribute: System.Threading.Tasks.Task`1[System.Net.Http.HttpResponseMessage] CallOnActionExecutedAsync(System.Web.Http.Controllers.HttpActionContext, System.Threading.CancellationToken, System.Func`1[System.Threading.Tasks.Task`1[System.Net.Http.HttpResponseMessage]])
System.Web.Http.Filters.ActionFilterAttribute+<ExecuteActionFilterAsyncCore>d__0: Void MoveNext()
System.Runtime.CompilerServices.AsyncTaskMethodBuilder`1: Void Start[TStateMachine](TStateMachine ByRef)
System.Web.Http.Filters.ActionFilterAttribute: System.Threading.Tasks.Task`1[System.Net.Http.HttpResponseMessage] ExecuteActionFilterAsyncCore(System.Web.Http.Controllers.HttpActionContext, System.Threading.CancellationToken, System.Func`1[System.Threading.Tasks.Task`1[System.Net.Http.HttpResponseMessage]])
System.Web.Http.Filters.ActionFilterAttribute: System.Threading.Tasks.Task`1[System.Net.Http.HttpResponseMessage] System.Web.Http.Filters.IActionFilter.ExecuteActionFilterAsync(System.Web.Http.Controllers.HttpActionContext, System.Threading.CancellationToken, System.Func`1[System.Threading.Tasks.Task`1[System.Net.Http.HttpResponseMessage]])
System.Web.Http.Filters.ActionFilterAttribute+<CallOnActionExecutedAsync>d__5: Void MoveNext()
System.Runtime.CompilerServices.AsyncTaskMethodBuilder`1: Void Start[TStateMachine](TStateMachine ByRef)
System.Web.Http.Filters.ActionFilterAttribute: System.Threading.Tasks.Task`1[System.Net.Http.HttpResponseMessage] CallOnActionExecutedAsync(System.Web.Http.Controllers.HttpActionContext, System.Threading.CancellationToken, System.Func`1[System.Threading.Tasks.Task`1[System.Net.Http.HttpResponseMessage]])
System.Web.Http.Filters.ActionFilterAttribute+<ExecuteActionFilterAsyncCore>d__0: Void MoveNext()
System.Runtime.CompilerServices.AsyncTaskMethodBuilder`1: Void Start[TStateMachine](TStateMachine ByRef)
System.Web.Http.Filters.ActionFilterAttribute: System.Threading.Tasks.Task`1[System.Net.Http.HttpResponseMessage] ExecuteActionFilterAsyncCore(System.Web.Http.Controllers.HttpActionContext, System.Threading.CancellationToken, System.Func`1[System.Threading.Tasks.Task`1[System.Net.Http.HttpResponseMessage]])
System.Web.Http.Filters.ActionFilterAttribute: System.Threading.Tasks.Task`1[System.Net.Http.HttpResponseMessage] System.Web.Http.Filters.IActionFilter.ExecuteActionFilterAsync(System.Web.Http.Controllers.HttpActionContext, System.Threading.CancellationToken, System.Func`1[System.Threading.Tasks.Task`1[System.Net.Http.HttpResponseMessage]])
System.Web.Http.Filters.ActionFilterAttribute+<CallOnActionExecutedAsync>d__5: Void MoveNext()
System.Runtime.CompilerServices.AsyncTaskMethodBuilder`1: Void Start[TStateMachine](TStateMachine ByRef)
System.Web.Http.Filters.ActionFilterAttribute: System.Threading.Tasks.Task`1[System.Net.Http.HttpResponseMessage] CallOnActionExecutedAsync(System.Web.Http.Controllers.HttpActionContext, System.Threading.CancellationToken, System.Func`1[System.Threading.Tasks.Task`1[System.Net.Http.HttpResponseMessage]])
System.Web.Http.Filters.ActionFilterAttribute+<ExecuteActionFilterAsyncCore>d__0: Void MoveNext()
System.Runtime.CompilerServices.AsyncTaskMethodBuilder`1: Void Start[TStateMachine](TStateMachine ByRef)
System.Web.Http.Filters.ActionFilterAttribute: System.Threading.Tasks.Task`1[System.Net.Http.HttpResponseMessage] ExecuteActionFilterAsyncCore(System.Web.Http.Controllers.HttpActionContext, System.Threading.CancellationToken, System.Func`1[System.Threading.Tasks.Task`1[System.Net.Http.HttpResponseMessage]])
System.Web.Http.Filters.ActionFilterAttribute: System.Threading.Tasks.Task`1[System.Net.Http.HttpResponseMessage] System.Web.Http.Filters.IActionFilter.ExecuteActionFilterAsync(System.Web.Http.Controllers.HttpActionContext, System.Threading.CancellationToken, System.Func`1[System.Threading.Tasks.Task`1[System.Net.Http.HttpResponseMessage]])
System.Web.Http.Filters.ActionFilterAttribute+<CallOnActionExecutedAsync>d__5: Void MoveNext()
System.Runtime.CompilerServices.AsyncTaskMethodBuilder`1: Void Start[TStateMachine](TStateMachine ByRef)
System.Web.Http.Filters.ActionFilterAttribute: System.Threading.Tasks.Task`1[System.Net.Http.HttpResponseMessage] CallOnActionExecutedAsync(System.Web.Http.Controllers.HttpActionContext, System.Threading.CancellationToken, System.Func`1[System.Threading.Tasks.Task`1[System.Net.Http.HttpResponseMessage]])
System.Web.Http.Filters.ActionFilterAttribute+<ExecuteActionFilterAsyncCore>d__0: Void MoveNext()
System.Runtime.CompilerServices.AsyncTaskMethodBuilder`1: Void Start[TStateMachine](TStateMachine ByRef)
System.Web.Http.Filters.ActionFilterAttribute: System.Threading.Tasks.Task`1[System.Net.Http.HttpResponseMessage] ExecuteActionFilterAsyncCore(System.Web.Http.Controllers.HttpActionContext, System.Threading.CancellationToken, System.Func`1[System.Threading.Tasks.Task`1[System.Net.Http.HttpResponseMessage]])
System.Web.Http.Filters.ActionFilterAttribute: System.Threading.Tasks.Task`1[System.Net.Http.HttpResponseMessage] System.Web.Http.Filters.IActionFilter.ExecuteActionFilterAsync(System.Web.Http.Controllers.HttpActionContext, System.Threading.CancellationToken, System.Func`1[System.Threading.Tasks.Task`1[System.Net.Http.HttpResponseMessage]])
System.Web.Http.Controllers.ActionFilterResult+<ExecuteAsync>d__2: Void MoveNext()
System.Runtime.CompilerServices.AsyncTaskMethodBuilder`1: Void Start[TStateMachine](TStateMachine ByRef)
System.Web.Http.Controllers.ActionFilterResult: System.Threading.Tasks.Task`1[System.Net.Http.HttpResponseMessage] ExecuteAsync(System.Threading.CancellationToken)
System.Web.Http.Controllers.ExceptionFilterResult+<ExecuteAsync>d__0: Void MoveNext()
System.Runtime.CompilerServices.AsyncTaskMethodBuilder`1: Void Start[TStateMachine](TStateMachine ByRef)
System.Web.Http.Controllers.ExceptionFilterResult: System.Threading.Tasks.Task`1[System.Net.Http.HttpResponseMessage] ExecuteAsync(System.Threading.CancellationToken)
System.Web.Http.ApiController: System.Threading.Tasks.Task`1[System.Net.Http.HttpResponseMessage] ExecuteAsync(System.Web.Http.Controllers.HttpControllerContext, System.Threading.CancellationToken)
System.Web.Http.Dispatcher.HttpControllerDispatcher+<SendAsync>d__1: Void MoveNext()
System.Runtime.CompilerServices.AsyncTaskMethodBuilder`1: Void Start[TStateMachine](TStateMachine ByRef)
System.Web.Http.Dispatcher.HttpControllerDispatcher: System.Threading.Tasks.Task`1[System.Net.Http.HttpResponseMessage] SendAsync(System.Net.Http.HttpRequestMessage, System.Threading.CancellationToken)
System.Net.Http.HttpMessageInvoker: System.Threading.Tasks.Task`1[System.Net.Http.HttpResponseMessage] SendAsync(System.Net.Http.HttpRequestMessage, System.Threading.CancellationToken)
System.Web.Http.Dispatcher.HttpRoutingDispatcher: System.Threading.Tasks.Task`1[System.Net.Http.HttpResponseMessage] SendAsync(System.Net.Http.HttpRequestMessage, System.Threading.CancellationToken)
System.Net.Http.DelegatingHandler: System.Threading.Tasks.Task`1[System.Net.Http.HttpResponseMessage] SendAsync(System.Net.Http.HttpRequestMessage, System.Threading.CancellationToken)
System.Web.Http.Cors.CorsMessageHandler+<HandleCorsRequestAsync>d__5: Void MoveNext()
System.Runtime.CompilerServices.AsyncTaskMethodBuilder`1: Void Start[TStateMachine](TStateMachine ByRef)
System.Web.Http.Cors.CorsMessageHandler: System.Threading.Tasks.Task`1[System.Net.Http.HttpResponseMessage] HandleCorsRequestAsync(System.Net.Http.HttpRequestMessage, System.Web.Cors.CorsRequestContext, System.Threading.CancellationToken)
System.Web.Http.Cors.CorsMessageHandler+<SendAsync>d__0: Void MoveNext()
System.Runtime.CompilerServices.AsyncTaskMethodBuilder`1: Void Start[TStateMachine](TStateMachine ByRef)
System.Web.Http.Cors.CorsMessageHandler: System.Threading.Tasks.Task`1[System.Net.Http.HttpResponseMessage] SendAsync(System.Net.Http.HttpRequestMessage, System.Threading.CancellationToken)
System.Net.Http.DelegatingHandler: System.Threading.Tasks.Task`1[System.Net.Http.HttpResponseMessage] SendAsync(System.Net.Http.HttpRequestMessage, System.Threading.CancellationToken)
System.Web.Http.HttpServer+<SendAsync>d__0: Void MoveNext()
System.Runtime.CompilerServices.AsyncTaskMethodBuilder`1: Void Start[TStateMachine](TStateMachine ByRef)
System.Web.Http.HttpServer: System.Threading.Tasks.Task`1[System.Net.Http.HttpResponseMessage] SendAsync(System.Net.Http.HttpRequestMessage, System.Threading.CancellationToken)
System.Net.Http.HttpMessageInvoker: System.Threading.Tasks.Task`1[System.Net.Http.HttpResponseMessage] SendAsync(System.Net.Http.HttpRequestMessage, System.Threading.CancellationToken)
Microsoft.AspNet.OData.Batch.ODataBatchRequestItem+<SendMessageAsync>d__0: Void MoveNext()
System.Runtime.CompilerServices.AsyncTaskMethodBuilder`1: Void Start[TStateMachine](TStateMachine ByRef)
Microsoft.AspNet.OData.Batch.ODataBatchRequestItem: System.Threading.Tasks.Task`1[System.Net.Http.HttpResponseMessage] SendMessageAsync(System.Net.Http.HttpMessageInvoker, System.Net.Http.HttpRequestMessage, System.Threading.CancellationToken, System.Collections.Generic.Dictionary`2[System.String,System.String])
Microsoft.AspNet.OData.Batch.ChangeSetRequestItem+<SendRequestAsync>d__5: Void MoveNext()
System.Runtime.CompilerServices.AsyncTaskMethodBuilder`1: Void Start[TStateMachine](TStateMachine ByRef)
Microsoft.AspNet.OData.Batch.ChangeSetRequestItem: System.Threading.Tasks.Task`1[Microsoft.AspNet.OData.Batch.ODataBatchResponseItem] SendRequestAsync(System.Net.Http.HttpMessageInvoker, System.Threading.CancellationToken)
Telerik.Sitefinity.Web.Api.OData.TransactionBatchHandler+<ExecuteChangeSet>d__8: Void MoveNext()
System.Runtime.CompilerServices.AsyncTaskMethodBuilder`1: Void Start[TStateMachine](TStateMachine ByRef)
Telerik.Sitefinity.Web.Api.OData.TransactionBatchHandler: System.Threading.Tasks.Task`1[Microsoft.AspNet.OData.Batch.ODataBatchResponseItem] ExecuteChangeSet(Microsoft.AspNet.OData.Batch.ChangeSetRequestItem, System.Threading.CancellationToken)
Telerik.Sitefinity.Web.Api.OData.TransactionBatchHandler+<ExecuteRequestMessagesAsync>d__6: Void MoveNext()
System.Runtime.CompilerServices.AsyncTaskMethodBuilder`1: Void Start[TStateMachine](TStateMachine ByRef)
Telerik.Sitefinity.Web.Api.OData.TransactionBatchHandler: System.Threading.Tasks.Task`1[System.Collections.Generic.IList`1[Microsoft.AspNet.OData.Batch.ODataBatchResponseItem]] ExecuteRequestMessagesAsync(System.Collections.Generic.IEnumerable`1[Microsoft.AspNet.OData.Batch.ODataBatchRequestItem], System.Threading.CancellationToken)
Microsoft.AspNet.OData.Batch.DefaultODataBatchHandler+<ProcessBatchAsync>d__1: Void MoveNext()
System.Threading.ExecutionContext: Void RunInternal(System.Threading.ExecutionContext, System.Threading.ContextCallback, System.Object, Boolean)
System.Threading.ExecutionContext: Void Run(System.Threading.ExecutionContext, System.Threading.ContextCallback, System.Object, Boolean)
System.Runtime.CompilerServices.AsyncMethodBuilderCore+MoveNextRunner: Void Run()
System.Runtime.CompilerServices.AsyncMethodBuilderCore+<>c__DisplayClass4_0: Void <OutputAsyncCausalityEvents>b__0()
System.Runtime.CompilerServices.TaskAwaiter+<>c__DisplayClass11_0: Void <OutputWaitEtwEvents>b__0()
System.Threading.Tasks.AwaitTaskContinuation: Void RunCallback(System.Threading.ContextCallback, System.Object, System.Threading.Tasks.Task ByRef)
System.Threading.Tasks.Task: Void FinishContinuations()
System.Threading.Tasks.Task`1: Boolean TrySetResult(TResult)
System.Runtime.CompilerServices.AsyncTaskMethodBuilder`1: Void SetResult(TResult)
Microsoft.AspNet.OData.Batch.DefaultODataBatchHandler+<ParseBatchRequestsAsync>d__3: Void MoveNext()
System.Threading.ExecutionContext: Void RunInternal(System.Threading.ExecutionContext, System.Threading.ContextCallback, System.Object, Boolean)
System.Threading.ExecutionContext: Void Run(System.Threading.ExecutionContext, System.Threading.ContextCallback, System.Object, Boolean)
System.Runtime.CompilerServices.AsyncMethodBuilderCore+MoveNextRunner: Void Run()
System.Runtime.CompilerServices.AsyncMethodBuilderCore+<>c__DisplayClass4_0: Void <OutputAsyncCausalityEvents>b__0()
System.Runtime.CompilerServices.TaskAwaiter+<>c__DisplayClass11_0: Void <OutputWaitEtwEvents>b__0()
System.Threading.Tasks.AwaitTaskContinuation: Void RunCallback(System.Threading.ContextCallback, System.Object, System.Threading.Tasks.Task ByRef)
System.Threading.Tasks.Task: Void FinishContinuations()
System.Threading.Tasks.Task`1: Boolean TrySetResult(TResult)
System.Runtime.CompilerServices.AsyncTaskMethodBuilder`1: Void SetResult(TResult)
Microsoft.AspNet.OData.Batch.ODataBatchReaderExtensions+<ReadOperationInternalAsync>d__6: Void MoveNext()
System.Threading.ExecutionContext: Void RunInternal(System.Threading.ExecutionContext, System.Threading.ContextCallback, System.Object, Boolean)
System.Threading.ExecutionContext: Void Run(System.Threading.ExecutionContext, System.Threading.ContextCallback, System.Object, Boolean)
System.Runtime.CompilerServices.AsyncMethodBuilderCore+MoveNextRunner: Void Run()
System.Runtime.CompilerServices.AsyncMethodBuilderCore+<>c__DisplayClass4_0: Void <OutputAsyncCausalityEvents>b__0()
System.Runtime.CompilerServices.TaskAwaiter+<>c__DisplayClass11_0: Void <OutputWaitEtwEvents>b__0()
System.Threading.Tasks.SynchronizationContextAwaitTaskContinuation+<>c__DisplayClass6_0: Void <GetActionLogDelegate>b__0()
System.Web.Util.SynchronizationHelper: Void SafeWrapCallback(System.Action)
System.Threading.Tasks.Task: Void Execute()
System.Threading.ExecutionContext: Void RunInternal(System.Threading.ExecutionContext, System.Threading.ContextCallback, System.Object, Boolean)
System.Threading.ExecutionContext: Void Run(System.Threading.ExecutionContext, System.Threading.ContextCallback, System.Object, Boolean)
System.Threading.Tasks.Task: Void ExecuteWithThreadLocal(System.Threading.Tasks.Task ByRef)
System.Threading.Tasks.Task: Boolean ExecuteEntry(Boolean)
System.Threading.ThreadPoolWorkQueue: Boolean Dispatch()'.


----------------------------------------
