- "ASYNC: RegisterManagerTypes on bootstrap" - 00:00:05.4656855
-- "Instantiate 'Telerik.Sitefinity.Workflow.WorkflowManager' providers" - 00:00:00.8323919
-- "Instantiate 'Telerik.Sitefinity.Data.ContentLinks.ContentLinksManager' providers" - 00:00:00.0969729
-- "Instantiate 'Telerik.Sitefinity.Taxonomies.TaxonomyManager' providers" - 00:00:00.1896348
-- "Instantiate 'Telerik.Sitefinity.ContentLocations.ContentLocationsManager' providers" - 00:00:00.0758028
-- "Instantiate 'Telerik.Sitefinity.Versioning.VersionManager' providers" - 00:00:00.1484775
-- "Instantiate 'Telerik.Sitefinity.Web.OutputCache.Data.OutputCacheRelationsManager' providers" - 00:00:00.0762863
-- "Instantiate 'Telerik.Sitefinity.Services.Notifications.NotificationsManager' providers" - 00:00:00.0417588
-- "Instantiate 'Telerik.Sitefinity.Services.Statistics.StatisticsManager' providers" - 00:00:00.0169824
-- "Instantiate 'Telerik.Sitefinity.Services.Comments.Impl.CommentsManager' providers" - 00:00:00.0461053
-- "Instantiate 'Telerik.Sitefinity.Modules.News.NewsManager' providers" - 00:00:00.1616385
-- "Instantiate 'Telerik.Sitefinity.Modules.Blogs.BlogsManager' providers" - 00:00:00.1292788
-- "Instantiate 'Telerik.Sitefinity.Modules.Events.EventsManager' providers" - 00:00:00.5329890
-- "Instantiate 'Telerik.Sitefinity.Modules.Libraries.LibrariesManager' providers" - 00:00:00.3187274
-- "Instantiate 'Telerik.Sitefinity.Modules.Libraries.BlobStorage.BlobStorageManager' providers" - 00:00:00.1565479
-- "Instantiate 'Telerik.Sitefinity.Modules.Forms.FormsManager' providers" - 00:00:00.2824784
-- "Instantiate 'Telerik.Sitefinity.Authentication.Data.AuthenticationDataManager' providers" - 00:00:00.0941155
-- "Instantiate 'Telerik.Sitefinity.Translations.TranslationManager' providers" - 00:00:00.0984716
-- "Instantiate 'Telerik.Sitefinity.ABTesting.ABTestingManager' providers" - 00:00:00.1111773
-- "Instantiate 'Telerik.Sitefinity.Dashboard.Data.DashboardManager' providers" - 00:00:00.0981740
-- "Execute 34 default data initializers" - 00:00:00.9655824
--- "Prepare mappings for EventsMetadataSource" - 00:00:00.0068700
--- "Prepare mappings for LibrariesMetadataSource" - 00:00:00.1475727
--- "Prepare mappings for BlobStorageMetadataSource" - 00:00:00.0542181
--- "Prepare mappings for AuthenticationFluentMetadataSource" - 00:00:00.0334086
--- "Prepare mappings for TranslationMetadataSource" - 00:00:00.0032579
--- "Prepare mappings for ABTestingFluentMetadataSource" - 00:00:00.0016254
--- "Prepare mappings for DashboardFluentMetadataSource" - 00:00:00.0027699
--- "Extend metadata container. Module: (Telerik.Sitefinity.Modules.Events.Data.OpenAccessEventProvider)." - 00:00:00.2954826
---- "Update meta data. MetadataSource: CombinedMetadataSource" - 00:00:00.2954517
----- "Aggregation" - 00:00:00.2079416
------ "Extend" - 00:00:00.2079369
------- "Prepare mappings for CombinedMetadataSource" - 00:00:00.0236983
------- "Unknown" - 00:00:00.1842386
----- "ReplaceMetadata" - 00:00:00.0871532
----- "Upgrade provider" - 00:00:00.0002720
--- "Unknown" - 00:00:00.4203772
-- "Unknown" - 00:00:00.9920920
Total: 00:00:05.4656855
