- "WebApi: Executing a batch request" - 00:00:00.6685105
-- "WebApi: Action executed - POST" - 00:00:00.5847349
--- "Extend metadata container. Module: (Telerik.Sitefinity.Modules.Libraries.BlobStorage.OpenAccessBlobStorageProvider)." - 00:00:00.3142551
---- "Update meta data. MetadataSource: BlobStorageMetadataSource" - 00:00:00.3139884
----- "Aggregation" - 00:00:00.2750032
------ "Extend" - 00:00:00.2749974
------- "Prepare mappings for BlobStorageMetadataSource" - 00:00:00.0596522
------- "Unknown" - 00:00:00.2153452
----- "ReplaceMetadata" - 00:00:00.0387242
----- "Upgrade provider" - 00:00:00.0001757
--- "WebApi: Executing workflow operation - SaveDraft" - 00:00:00.0514930
---- "Message Workflow" - 00:00:00.0514881
----- "Run workflow activity" - 00:00:00.0514189
--- "WebApi: Transforming database value" - 00:00:00.0416706
---- "WebApi: Getting calculated property value - Provider" - 00:00:00.0000094
---- "WebApi: Getting calculated property value - Url" - 00:00:00.0036056
---- "WebApi: Getting calculated property value - ThumbnailUrl" - 00:00:00.0057214
---- "WebApi: Getting calculated property value - IsDamMedia" - 00:00:00.0000055
---- "WebApi: Getting calculated property value - Breadcrumb" - 00:00:00.0002689
---- "WebApi: Getting calculated property value - CreatedBy" - 00:00:00.0128595
---- "WebApi: Getting calculated property value - LastModifiedBy" - 00:00:00.0000218
---- "WebApi: Getting calculated property value - AvailableLanguages" - 00:00:00.0000068
---- "WebApi: Getting calculated property value - LibraryTitle" - 00:00:00.0019625
---- "WebApi: Getting calculated property value - Thumbnails" - 00:00:00.0026550
---- "WebApi: Getting calculated property value - LockedStatus" - 00:00:00.0042968
---- "WebApi: Getting calculated property value - DisplayStatus" - 00:00:00.0036720
---- "WebApi: Getting calculated property value - FirstPublished" - 00:00:00.0029902
---- "WebApi: Getting calculated property value - LastPublished" - 00:00:00.0021054
--- "Unknown" - 00:00:00.1773162
-- "WebApi: Action executed - POST" - 00:00:00.0826023
Total: 00:00:00.6685105
