- "WebApi: Creating route" - 00:00:04.9345825
-- "WebApi: Creating service proxy" - 00:00:04.6291117
--- "Instantiate 'Telerik.Sitefinity.Modules.Lists.ListsManager' providers" - 00:00:01.3509663
---- "Extend metadata container. Module: (Telerik.Sitefinity.Modules.Lists.Data.OpenAccessListsDataProvider)." - 00:00:00.9738847
----- "Update meta data. MetadataSource: ListsMetadataSource" - 00:00:00.6044772
------ "Aggregation" - 00:00:00.3435286
------- "Extend" - 00:00:00.3435227
-------- "Prepare mappings for ListsMetadataSource" - 00:00:00.0500433
-------- "Unknown" - 00:00:00.2934794
------ "ReplaceMetadata" - 00:00:00.0932859
------ "Upgrade provider" - 00:00:00.1674813
----- "Unknown" - 00:00:00.3694075
---- "Unknown" - 00:00:00.3770816
--- "Instantiate 'Telerik.Sitefinity.Modules.GenericContent.ContentManager' providers" - 00:00:01.1266494
---- "Extend metadata container. Module: (Telerik.Sitefinity.Modules.GenericContent.Data.OpenAccessContentProvider)." - 00:00:00.6656567
----- "Update meta data. MetadataSource: ContentMetadataSource" - 00:00:00.6647715
------ "Aggregation" - 00:00:00.5669675
------- "Extend" - 00:00:00.5669607
-------- "Prepare mappings for ContentMetadataSource" - 00:00:00.2397805
-------- "Unknown" - 00:00:00.3271802
------ "ReplaceMetadata" - 00:00:00.0970205
------ "Upgrade provider" - 00:00:00.0006037
---- "Unknown" - 00:00:00.4609927
--- "Unknown" - 00:00:02.1514960
-- "Unknown" - 00:00:00.3054708
Total: 00:00:04.9345825
