- "Bootstrap" - 00:00:29.8958430
-- "Bootstrapping" - 00:00:00.0032087
-- "RegisterIoCTypes" - 00:00:03.9130669
--- "Instantiate 'Telerik.Sitefinity.Configuration.ConfigManager' providers" - 00:00:00.0475020
--- "Instantiate 'Telerik.Sitefinity.Localization.ResourceManager' providers" - 00:00:00.0276388
--- "Unknown" - 00:00:03.8379261
-- "RegisterRoutes" - 00:00:20.5092090
--- "Instantiate 'Telerik.Sitefinity.Data.Metadata.MetadataManager' providers" - 00:00:07.0071635
---- "Prepare mappings for MetadataMetadataSource" - 00:00:02.2674509
---- "Prepare mappings for XmlConfigStorageMetadataSource" - 00:00:00.1292864
---- "Unknown" - 00:00:04.6104262
--- "MetadataManager" - 00:00:00.0000866
--- "Initialize Services:" - 00:00:00.2410026
---- "Notifications" - 00:00:00.0258054
---- "Documents" - 00:00:00.0067699
---- "Statistics" - 00:00:00.1925074
---- "Comments" - 00:00:00.0105052
---- "RecycleBin" - 00:00:00.0027302
--- "Initialize Modules:" - 00:00:03.5485507
---- "Multisite" - 00:00:00.0236857
---- "MultisiteInternal" - 00:00:00.1796521
---- "Scheduling" - 00:00:00.0148544
---- "News" - 00:00:00.0326108
---- "Blogs" - 00:00:00.0269784
---- "Events" - 00:00:00.0327942
---- "Libraries" - 00:00:00.0344693
---- "Forms" - 00:00:00.0344497
---- "Lists" - 00:00:00.0225911
---- "Authentication" - 00:00:00.7674216
---- "Newsletters" - 00:00:00.0294875
---- "GenericContent" - 00:00:00.0100033
---- "ControlTemplates" - 00:00:00.0116076
---- "ModuleBuilder" - 00:00:00.0342462
---- "ResponsiveDesign" - 00:00:00.0000034
---- "Publishing" - 00:00:00.7594851
---- "Search" - 00:00:00.1702203
---- "Personalization" - 00:00:00.0734471
---- "Feather" - 00:00:00.0094735
---- "ProtectionShield" - 00:00:00.0000045
---- "Comments" - 00:00:00.0145203
---- "WebServices" - 00:00:00.1659002
---- "Warmup" - 00:00:00.0000045
---- "AdminBridge" - 00:00:00.0212954
---- "ABTesting" - 00:00:00.0834852
---- "Analytics" - 00:00:00.0849939
---- "ElasticsearchAudit" - 00:00:00.0000063
---- "AuditTrail" - 00:00:00.0000026
---- "Dashboard" - 00:00:00.0245163
---- "DataIntelligenceConnector" - 00:00:00.1653426
---- "Diagnostics" - 00:00:00.0000053
---- "ContextualHelp" - 00:00:00.0172079
---- "ServiceHooksModule" - 00:00:00.0276323
---- "EloquaConnector" - 00:00:00.0385033
---- "Forums" - 00:00:00.0000039
---- "HubSpotConnector" - 00:00:00.0389570
---- "MarketoConnector" - 00:00:00.0016041
---- "MobileFormats" - 00:00:00.1028266
---- "NativeChat" - 00:00:00.0777318
---- "PackagingModule" - 00:00:00.1419213
---- "RecycleBin" - 00:00:00.0490554
---- "SalesForceConnector" - 00:00:00.0229922
---- "SharepointConnector" - 00:00:00.0374163
---- "SitemapGenerator" - 00:00:00.0340344
---- "Synchronization" - 00:00:00.0000065
---- "Translations" - 00:00:00.0898486
---- "WebSecurity" - 00:00:00.0389325
--- "Initialize taxonomy" - 00:00:00.0279940
--- "RegisterManagerTypes" - 00:00:05.2889942
---- "Instantiate 'Telerik.Sitefinity.Packaging.PackagingManager' providers" - 00:00:00.1734215
---- "Instantiate 'Telerik.Sitefinity.SiteSettings.SiteSettingsManager' providers" - 00:00:00.2366384
---- "Instantiate 'Telerik.Sitefinity.Modules.Pages.PageManager' providers" - 00:00:00.9017347
---- "Instantiate 'Telerik.Sitefinity.Security.SecurityManager' providers" - 00:00:00.2381425
---- "Instantiate 'Telerik.Sitefinity.Security.RoleManager' providers" - 00:00:00.2627843
---- "Instantiate 'Telerik.Sitefinity.Security.UserManager' providers" - 00:00:00.3697868
---- "Instantiate 'Telerik.Sitefinity.Security.UserActivityManager' providers" - 00:00:00.2476852
---- "Instantiate 'Telerik.Sitefinity.Security.UserProfileManager' providers" - 00:00:00.3772905
---- "Instantiate 'Telerik.Sitefinity.Multisite.MultisiteManager' providers" - 00:00:00.2544953
---- "Instantiate 'Telerik.Sitefinity.Scheduling.SchedulingManager' providers" - 00:00:00.2606666
---- "Instantiate 'Telerik.Sitefinity.DynamicModules.Builder.ModuleBuilderManager' providers" - 00:00:00.4424176
---- "Instantiate 'Telerik.Sitefinity.DynamicModules.DynamicModuleManager' providers" - 00:00:00.3478916
---- "Instantiate 'Telerik.Sitefinity.Publishing.PublishingManager' providers" - 00:00:00.4433078
---- "Instantiate 'Telerik.Sitefinity.Frontend.FilesMonitoring.Data.FileMonitorDataManager' providers" - 00:00:00.0179889
---- "Instantiate 'Telerik.Sitefinity.ServiceHooks.ServiceHooksManager' providers" - 00:00:00.0352225
---- "Unknown" - 00:00:00.6795200
--- "Load Modules:" - 00:00:02.8815129
---- "Load 'PackagingModule' module" - 00:00:01.8082422
----- "Prepare mappings for PackagingMetadataSource" - 00:00:00.5418218
------ "Create meta cache" - 00:00:00.3485139
------ "Unknown" - 00:00:00.1933079
----- "Prepare mappings for SiteSettingsMetadataSource" - 00:00:00.0138639
----- "Prepare mappings for PagesMetadataSource" - 00:00:00.2209827
----- "Prepare mappings for SecurityMetadataSource" - 00:00:00.0236662
----- "Prepare mappings for RoleMetadataSource" - 00:00:00.0209353
----- "Prepare mappings for MembershipMetadataSource" - 00:00:00.0219111
----- "Prepare mappings for UserActivityMetadaSource" - 00:00:00.0179122
----- "Prepare mappings for UserProfileMetadataSource" - 00:00:00.0266927
----- "Prepare mappings for MultisiteMetadataSource" - 00:00:00.0306578
----- "Prepare mappings for SchedulingMetadataSource" - 00:00:00.0187315
----- "Prepare mappings for ModuleBuilderMetadataSource" - 00:00:00.0436455
----- "Prepare mappings for DynamicModuleMetadataSource" - 00:00:00.0154892
----- "Prepare mappings for PublishingMetadataSource" - 00:00:00.0179028
----- "Prepare mappings for FileMonitorFluentMetadataSource" - 00:00:00.0006631
----- "Prepare mappings for ServiceHooksFluentMetadataSource" - 00:00:00.0126476
----- "Extend metadata container. Module: (Telerik.Sitefinity.Packaging.Data.OpenAccessPackagingProvider)." - 00:00:00.5837118
------ "Update meta data. MetadataSource: CombinedMetadataSource" - 00:00:00.5707225
------- "Aggregation" - 00:00:00.2684502
-------- "Extend" - 00:00:00.2684442
--------- "Prepare mappings for CombinedMetadataSource" - 00:00:00.0600331
--------- "Unknown" - 00:00:00.2084111
------- "ReplaceMetadata" - 00:00:00.2901811
------- "Upgrade provider" - 00:00:00.0071573
----- "Unknown" - 00:00:00.1970070
---- "Load all other modules async" - 00:00:01.0732292
----- "Load 'WebSecurity' module" - 00:00:00.0065891
----- "Load 'Translations' module" - 00:00:00.2215817
----- "Unknown" - 00:00:00.8450584
--- "Enable MVC" - 00:00:00.0270540
--- "On Modules Initialized Event" - 00:00:00.0031696
--- "Unknown" - 00:00:01.4836809
-- "Bootstrap Events" - 00:00:04.6945714
--- "On Initialized (Bootstrapped)" - 00:00:02.3709922
---- "Feather" - 00:00:01.5641325
----- "Initializing 'ResourcesInitializer'." - 00:00:00.0218833
----- "Initializing 'DesignerInitializer'." - 00:00:00.0127553
----- "Initializing 'FileMonitoringInitializer'." - 00:00:00.3170028
----- "Initializing 'LayoutInitializer'." - 00:00:00.0200363
----- "Initializing 'PersonalizationInitializer'." - 00:00:00.0040768
----- "Initializing 'ControllerContainerInitializer'." - 00:00:01.1789592
---- "Unknown" - 00:00:00.8068597
--- "On Bootstrapped" - 00:00:02.3235598
---- "Initialize ServiceStack app host." - 00:00:02.2030721
---- "Unknown" - 00:00:00.1204877
-- "Unknown" - 00:00:00.7757870
Total: 00:00:29.8958430
