- "ASYNC: RegisterManagerTypes on bootstrap" - 00:00:04.0838072
-- "Instantiate 'Telerik.Sitefinity.Workflow.WorkflowManager' providers" - 00:00:00.6735810
-- "Instantiate 'Telerik.Sitefinity.Data.ContentLinks.ContentLinksManager' providers" - 00:00:00.1102037
-- "Instantiate 'Telerik.Sitefinity.Taxonomies.TaxonomyManager' providers" - 00:00:00.2066886
-- "Instantiate 'Telerik.Sitefinity.ContentLocations.ContentLocationsManager' providers" - 00:00:00.0692051
-- "Instantiate 'Telerik.Sitefinity.Versioning.VersionManager' providers" - 00:00:00.1153479
-- "Instantiate 'Telerik.Sitefinity.Web.OutputCache.Data.OutputCacheRelationsManager' providers" - 00:00:00.0622308
-- "Instantiate 'Telerik.Sitefinity.Services.Notifications.NotificationsManager' providers" - 00:00:00.0342888
-- "Instantiate 'Telerik.Sitefinity.Services.Statistics.StatisticsManager' providers" - 00:00:00.0251179
-- "Instantiate 'Telerik.Sitefinity.Services.Comments.Impl.CommentsManager' providers" - 00:00:00.0208765
-- "Instantiate 'Telerik.Sitefinity.Modules.News.NewsManager' providers" - 00:00:00.1022460
-- "Instantiate 'Telerik.Sitefinity.Modules.Blogs.BlogsManager' providers" - 00:00:00.1503317
-- "Instantiate 'Telerik.Sitefinity.Modules.Events.EventsManager' providers" - 00:00:00.3348035
-- "Instantiate 'Telerik.Sitefinity.Modules.Libraries.LibrariesManager' providers" - 00:00:00.1883433
-- "Instantiate 'Telerik.Sitefinity.Modules.Libraries.BlobStorage.BlobStorageManager' providers" - 00:00:00.1458685
-- "Instantiate 'Telerik.Sitefinity.Modules.Forms.FormsManager' providers" - 00:00:00.2290537
-- "Instantiate 'Telerik.Sitefinity.Authentication.Data.AuthenticationDataManager' providers" - 00:00:00.0807046
-- "Instantiate 'Telerik.Sitefinity.Translations.TranslationManager' providers" - 00:00:00.0863162
-- "Instantiate 'Telerik.Sitefinity.ABTesting.ABTestingManager' providers" - 00:00:00.0972103
-- "Instantiate 'Telerik.Sitefinity.Dashboard.Data.DashboardManager' providers" - 00:00:00.0862032
-- "Execute 34 default data initializers" - 00:00:00.4472892
--- "Prepare mappings for EventsMetadataSource" - 00:00:00.0062699
--- "Prepare mappings for LibrariesMetadataSource" - 00:00:00.0516089
--- "Prepare mappings for BlobStorageMetadataSource" - 00:00:00.0069195
--- "Prepare mappings for AuthenticationFluentMetadataSource" - 00:00:00.0229981
--- "Prepare mappings for TranslationMetadataSource" - 00:00:00.0039956
--- "Prepare mappings for ABTestingFluentMetadataSource" - 00:00:00.0018715
--- "Prepare mappings for DashboardFluentMetadataSource" - 00:00:00.0030911
--- "Extend metadata container. Module: (Telerik.Sitefinity.Modules.Events.Data.OpenAccessEventProvider)." - 00:00:00.2779451
---- "Update meta data. MetadataSource: CombinedMetadataSource" - 00:00:00.2777680
----- "Aggregation" - 00:00:00.2221109
------ "Extend" - 00:00:00.2221086
------- "Prepare mappings for CombinedMetadataSource" - 00:00:00.0436636
------- "Unknown" - 00:00:00.1784450
----- "ReplaceMetadata" - 00:00:00.0554480
----- "Upgrade provider" - 00:00:00.0001643
--- "Unknown" - 00:00:00.0725895
-- "Unknown" - 00:00:00.8178967
Total: 00:00:04.0838072
