- "WebApi: Creating route" - 00:00:02.9751853
-- "WebApi: Creating service proxy" - 00:00:02.8901952
--- "Prepare mappings for EventsMetadataSource" - 00:00:00.0160758
--- "Prepare mappings for LibrariesMetadataSource" - 00:00:00.0741983
--- "Extend metadata container. Module: (Telerik.Sitefinity.Modules.Libraries.Data.OpenAccessLibrariesProvider)." - 00:00:00.3628776
---- "Update meta data. MetadataSource: CombinedMetadataSource" - 00:00:00.3628478
----- "Aggregation" - 00:00:00.2901215
------ "Extend" - 00:00:00.2901188
------- "Prepare mappings for CombinedMetadataSource" - 00:00:00.0231871
------- "Unknown" - 00:00:00.2669317
----- "ReplaceMetadata" - 00:00:00.0726465
----- "Upgrade provider" - 00:00:00.0000058
--- "Instantiate 'Telerik.Sitefinity.Modules.Lists.ListsManager' providers" - 00:00:00.6507444
---- "Extend metadata container. Module: (Telerik.Sitefinity.Modules.Lists.Data.OpenAccessListsDataProvider)." - 00:00:00.4927166
----- "Update meta data. MetadataSource: ListsMetadataSource" - 00:00:00.4921618
------ "Aggregation" - 00:00:00.3567172
------- "Extend" - 00:00:00.3567145
-------- "Prepare mappings for ListsMetadataSource" - 00:00:00.0303260
-------- "Unknown" - 00:00:00.3263885
------ "ReplaceMetadata" - 00:00:00.0767783
------ "Upgrade provider" - 00:00:00.0585644
---- "Unknown" - 00:00:00.1580278
--- "Instantiate 'Telerik.Sitefinity.Modules.GenericContent.ContentManager' providers" - 00:00:00.6893122
---- "Extend metadata container. Module: (Telerik.Sitefinity.Modules.GenericContent.Data.OpenAccessContentProvider)." - 00:00:00.4645870
----- "Update meta data. MetadataSource: ContentMetadataSource" - 00:00:00.4645574
------ "Aggregation" - 00:00:00.4088274
------- "Extend" - 00:00:00.4088223
-------- "Prepare mappings for ContentMetadataSource" - 00:00:00.0881178
-------- "Unknown" - 00:00:00.3207045
------ "ReplaceMetadata" - 00:00:00.0552904
------ "Upgrade provider" - 00:00:00.0003235
---- "Unknown" - 00:00:00.2247252
--- "Unknown" - 00:00:01.0969869
-- "Unknown" - 00:00:00.0849901
Total: 00:00:02.9751853
