- "WebApi: Creating route" - 00:00:01.6632158
-- "WebApi: Creating service proxy" - 00:00:01.5478702
--- "Instantiate 'Telerik.Sitefinity.Modules.Lists.ListsManager' providers" - 00:00:00.4172142
---- "Extend metadata container. Module: (Telerik.Sitefinity.Modules.Lists.Data.OpenAccessListsDataProvider)." - 00:00:00.2854658
----- "Update meta data. MetadataSource: ListsMetadataSource" - 00:00:00.2851178
------ "Aggregation" - 00:00:00.1742888
------- "Extend" - 00:00:00.1742869
-------- "Prepare mappings for ListsMetadataSource" - 00:00:00.0600519
-------- "Unknown" - 00:00:00.1142350
------ "ReplaceMetadata" - 00:00:00.0481781
------ "Upgrade provider" - 00:00:00.0623381
---- "Unknown" - 00:00:00.1317484
--- "Instantiate 'Telerik.Sitefinity.Modules.GenericContent.ContentManager' providers" - 00:00:00.3999005
---- "Extend metadata container. Module: (Telerik.Sitefinity.Modules.GenericContent.Data.OpenAccessContentProvider)." - 00:00:00.2716682
----- "Update meta data. MetadataSource: ContentMetadataSource" - 00:00:00.2716352
------ "Aggregation" - 00:00:00.2094371
------- "Extend" - 00:00:00.2094349
-------- "Prepare mappings for ContentMetadataSource" - 00:00:00.0843114
-------- "Unknown" - 00:00:00.1251235
------ "ReplaceMetadata" - 00:00:00.0616797
------ "Upgrade provider" - 00:00:00.0004288
---- "Unknown" - 00:00:00.1282323
--- "Unknown" - 00:00:00.7307555
-- "Unknown" - 00:00:00.1153456
Total: 00:00:01.6632158
