- "WebApi: Creating route" - 00:00:03.3283972
-- "WebApi: Creating service proxy" - 00:00:03.1512612
--- "Prepare mappings for EventsMetadataSource" - 00:00:00.0219980
--- "Prepare mappings for LibrariesMetadataSource" - 00:00:00.1460809
--- "Extend metadata container. Module: (Telerik.Sitefinity.Modules.Libraries.Data.OpenAccessLibrariesProvider)." - 00:00:00.3711717
---- "Update meta data. MetadataSource: CombinedMetadataSource" - 00:00:00.3711360
----- "Aggregation" - 00:00:00.2930429
------ "Extend" - 00:00:00.2930365
------- "Prepare mappings for CombinedMetadataSource" - 00:00:00.0590855
------- "Unknown" - 00:00:00.2339510
----- "ReplaceMetadata" - 00:00:00.0779031
----- "Upgrade provider" - 00:00:00.0000044
--- "Instantiate 'Telerik.Sitefinity.Modules.Lists.ListsManager' providers" - 00:00:00.6371711
---- "Extend metadata container. Module: (Telerik.Sitefinity.Modules.Lists.Data.OpenAccessListsDataProvider)." - 00:00:00.4705141
----- "Update meta data. MetadataSource: ListsMetadataSource" - 00:00:00.4701068
------ "Aggregation" - 00:00:00.3268961
------- "Extend" - 00:00:00.3268920
-------- "Prepare mappings for ListsMetadataSource" - 00:00:00.0332444
-------- "Unknown" - 00:00:00.2936476
------ "ReplaceMetadata" - 00:00:00.0583070
------ "Upgrade provider" - 00:00:00.0847826
---- "Unknown" - 00:00:00.1666570
--- "Instantiate 'Telerik.Sitefinity.Modules.GenericContent.ContentManager' providers" - 00:00:00.7114796
---- "Extend metadata container. Module: (Telerik.Sitefinity.Modules.GenericContent.Data.OpenAccessContentProvider)." - 00:00:00.4317080
----- "Update meta data. MetadataSource: ContentMetadataSource" - 00:00:00.4316765
------ "Aggregation" - 00:00:00.3841560
------- "Extend" - 00:00:00.3841456
-------- "Prepare mappings for ContentMetadataSource" - 00:00:00.1153402
-------- "Unknown" - 00:00:00.2688054
------ "ReplaceMetadata" - 00:00:00.0471221
------ "Upgrade provider" - 00:00:00.0003077
---- "Unknown" - 00:00:00.2797716
--- "Unknown" - 00:00:01.2633599
-- "Unknown" - 00:00:00.1771360
Total: 00:00:03.3283972
