- "WebApi: Executing a batch request" - 00:00:03.5369355
-- "WebApi: Action executed - POST" - 00:00:03.4767866
--- "WebApi: Executing workflow operation - Publish" - 00:00:03.4024024
---- "Message Workflow" - 00:00:03.3963625
----- "Run workflow activity" - 00:00:03.3931468
--- "Unknown" - 00:00:00.0743842
-- "WebApi: Action executed - GET" - 00:00:00.0589668
--- "WebApi: Getting items" - 00:00:00.0058357
--- "WebApi: Transforming database value" - 00:00:00.0526458
---- "WebApi: Getting calculated property value - Provider" - 00:00:00.0000184
---- "WebApi: Getting calculated property value - HasChildren" - 00:00:00.0000489
---- "WebApi: Getting calculated property value - Breadcrumb" - 00:00:00.0000088
---- "WebApi: Getting calculated property value - AvailableLanguages" - 00:00:00.0000057
---- "WebApi: Getting calculated property value - PublicationDate" - 00:00:00.0370207
---- "WebApi: Getting calculated property value - ViewUrl" - 00:00:00.0110089
---- "WebApi: Getting calculated property value - EditUrl" - 00:00:00.0000615
---- "WebApi: Getting calculated property value - IsHomePage" - 00:00:00.0000086
---- "WebApi: Getting calculated property value - RelativeUrlPath" - 00:00:00.0000099
---- "WebApi: Getting calculated property value - CreatedBy" - 00:00:00.0000172
---- "WebApi: Getting calculated property value - DisplayStatus" - 00:00:00.0011530
---- "WebApi: Getting calculated property value - LockedStatus" - 00:00:00.0000100
---- "WebApi: Getting calculated property value - FirstPublished" - 00:00:00.0014104
---- "WebApi: Getting calculated property value - Marketing" - 00:00:00.0010587
Total: 00:00:03.5369355
