- "WebApi: Creating route" - 00:00:02.0586613
-- "WebApi: Creating service proxy" - 00:00:01.9875158
--- "Prepare mappings for BlogsMetadataSource" - 00:00:00.0109595
--- "Prepare mappings for EventsMetadataSource" - 00:00:00.0061589
--- "Extend metadata container. Module: (Telerik.Sitefinity.Modules.Events.Data.OpenAccessEventProvider)." - 00:00:00.2842067
---- "Update meta data. MetadataSource: CombinedMetadataSource" - 00:00:00.2841882
----- "Aggregation" - 00:00:00.2353959
------ "Extend" - 00:00:00.2353933
------- "Prepare mappings for CombinedMetadataSource" - 00:00:00.0760168
------- "Unknown" - 00:00:00.1593765
----- "ReplaceMetadata" - 00:00:00.0487162
----- "Upgrade provider" - 00:00:00.0000037
--- "Instantiate 'Telerik.Sitefinity.Modules.Lists.ListsManager' providers" - 00:00:00.4447560
---- "Extend metadata container. Module: (Telerik.Sitefinity.Modules.Lists.Data.OpenAccessListsDataProvider)." - 00:00:00.3067961
----- "Update meta data. MetadataSource: ListsMetadataSource" - 00:00:00.3064170
------ "Aggregation" - 00:00:00.2505634
------- "Extend" - 00:00:00.2505611
-------- "Prepare mappings for ListsMetadataSource" - 00:00:00.0199901
-------- "Unknown" - 00:00:00.2305710
------ "ReplaceMetadata" - 00:00:00.0487611
------ "Upgrade provider" - 00:00:00.0070232
---- "Unknown" - 00:00:00.1379599
--- "Instantiate 'Telerik.Sitefinity.Modules.GenericContent.ContentManager' providers" - 00:00:00.4397089
---- "Extend metadata container. Module: (Telerik.Sitefinity.Modules.GenericContent.Data.OpenAccessContentProvider)." - 00:00:00.2797752
----- "Update meta data. MetadataSource: ContentMetadataSource" - 00:00:00.2797515
------ "Aggregation" - 00:00:00.2333166
------- "Extend" - 00:00:00.2333146
-------- "Prepare mappings for ContentMetadataSource" - 00:00:00.0936059
-------- "Unknown" - 00:00:00.1397087
------ "ReplaceMetadata" - 00:00:00.0461139
------ "Upgrade provider" - 00:00:00.0002491
---- "Unknown" - 00:00:00.1599337
--- "Unknown" - 00:00:00.8017258
-- "Unknown" - 00:00:00.0711455
Total: 00:00:02.0586613
