- "Bootstrap" - 00:00:12.3318983
-- "Bootstrapping" - 00:00:00.0009833
-- "RegisterIoCTypes" - 00:00:01.3289037
--- "Instantiate 'Telerik.Sitefinity.Configuration.ConfigManager' providers" - 00:00:00.0178665
--- "Instantiate 'Telerik.Sitefinity.Localization.ResourceManager' providers" - 00:00:00.0115078
--- "Unknown" - 00:00:01.2995294
-- "RegisterRoutes" - 00:00:08.7812289
--- "Instantiate 'Telerik.Sitefinity.Data.Metadata.MetadataManager' providers" - 00:00:03.3253610
---- "Prepare mappings for MetadataMetadataSource" - 00:00:01.0041779
---- "Prepare mappings for XmlConfigStorageMetadataSource" - 00:00:00.0186204
---- "Unknown" - 00:00:02.3025627
--- "MetadataManager" - 00:00:00.0000818
--- "Initialize Services:" - 00:00:00.0945570
---- "Notifications" - 00:00:00.0101991
---- "Documents" - 00:00:00.0032343
---- "Statistics" - 00:00:00.0731406
---- "Comments" - 00:00:00.0055134
---- "RecycleBin" - 00:00:00.0016397
--- "Initialize Modules:" - 00:00:01.4249606
---- "Multisite" - 00:00:00.0161108
---- "MultisiteInternal" - 00:00:00.1078046
---- "Scheduling" - 00:00:00.0060736
---- "News" - 00:00:00.0131226
---- "Blogs" - 00:00:00.0121012
---- "Events" - 00:00:00.0146846
---- "Libraries" - 00:00:00.0147243
---- "Forms" - 00:00:00.0166309
---- "Lists" - 00:00:00.0083836
---- "Authentication" - 00:00:00.3022760
---- "Newsletters" - 00:00:00.0117883
---- "GenericContent" - 00:00:00.0052533
---- "ControlTemplates" - 00:00:00.0046082
---- "ModuleBuilder" - 00:00:00.0145386
---- "ResponsiveDesign" - 00:00:00.0000025
---- "Publishing" - 00:00:00.3169824
---- "Search" - 00:00:00.0938000
---- "Personalization" - 00:00:00.0268694
---- "Feather" - 00:00:00.0050333
---- "ProtectionShield" - 00:00:00.0000042
---- "Comments" - 00:00:00.0068812
---- "WebServices" - 00:00:00.0671342
---- "Warmup" - 00:00:00.0000045
---- "AdminBridge" - 00:00:00.0096062
---- "EloquaConnector" - 00:00:00.0123851
---- "HubSpotConnector" - 00:00:00.0139243
---- "Translations" - 00:00:00.0351264
---- "ABTesting" - 00:00:00.0445743
---- "AuditTrail" - 00:00:00.0000017
---- "PackagingModule" - 00:00:00.0345270
---- "ContextualHelp" - 00:00:00.0056807
---- "ServiceHooksModule" - 00:00:00.0082890
---- "Analytics" - 00:00:00.0258215
---- "ElasticsearchAudit" - 00:00:00.0000026
---- "Dashboard" - 00:00:00.0077284
---- "DataIntelligenceConnector" - 00:00:00.0427816
---- "Diagnostics" - 00:00:00.0000028
---- "Forums" - 00:00:00.0000005
---- "MarketoConnector" - 00:00:00.0005980
---- "MobileFormats" - 00:00:00.0593417
---- "NativeChat" - 00:00:00.0089625
---- "RecycleBin" - 00:00:00.0152273
---- "SalesForceConnector" - 00:00:00.0067194
---- "SharepointConnector" - 00:00:00.0097600
---- "SitemapGenerator" - 00:00:00.0073539
---- "Synchronization" - 00:00:00.0000025
---- "WebSecurity" - 00:00:00.0104675
--- "Initialize taxonomy" - 00:00:00.0108447
--- "RegisterManagerTypes" - 00:00:01.7027968
---- "Instantiate 'Telerik.Sitefinity.Packaging.PackagingManager' providers" - 00:00:00.0687840
---- "Instantiate 'Telerik.Sitefinity.SiteSettings.SiteSettingsManager' providers" - 00:00:00.0774030
---- "Instantiate 'Telerik.Sitefinity.Modules.Pages.PageManager' providers" - 00:00:00.2989552
---- "Instantiate 'Telerik.Sitefinity.Security.SecurityManager' providers" - 00:00:00.0799120
---- "Instantiate 'Telerik.Sitefinity.Security.RoleManager' providers" - 00:00:00.0849735
---- "Instantiate 'Telerik.Sitefinity.Security.UserManager' providers" - 00:00:00.0997964
---- "Instantiate 'Telerik.Sitefinity.Security.UserActivityManager' providers" - 00:00:00.0725367
---- "Instantiate 'Telerik.Sitefinity.Security.UserProfileManager' providers" - 00:00:00.1099095
---- "Instantiate 'Telerik.Sitefinity.Multisite.MultisiteManager' providers" - 00:00:00.0909070
---- "Instantiate 'Telerik.Sitefinity.Scheduling.SchedulingManager' providers" - 00:00:00.0788328
---- "Instantiate 'Telerik.Sitefinity.DynamicModules.Builder.ModuleBuilderManager' providers" - 00:00:00.1387406
---- "Instantiate 'Telerik.Sitefinity.DynamicModules.DynamicModuleManager' providers" - 00:00:00.0888019
---- "Instantiate 'Telerik.Sitefinity.Publishing.PublishingManager' providers" - 00:00:00.1279870
---- "Instantiate 'Telerik.Sitefinity.Frontend.FilesMonitoring.Data.FileMonitorDataManager' providers" - 00:00:00.0074799
---- "Instantiate 'Telerik.Sitefinity.ServiceHooks.ServiceHooksManager' providers" - 00:00:00.0147421
---- "Unknown" - 00:00:00.2630352
--- "Load Modules:" - 00:00:01.2651356
---- "Load 'PackagingModule' module" - 00:00:00.8112526
----- "Prepare mappings for PackagingMetadataSource" - 00:00:00.2284944
------ "Create meta cache" - 00:00:00.1689984
------ "Unknown" - 00:00:00.0594960
----- "Prepare mappings for SiteSettingsMetadataSource" - 00:00:00.0100719
----- "Prepare mappings for PagesMetadataSource" - 00:00:00.0740178
----- "Prepare mappings for SecurityMetadataSource" - 00:00:00.0150918
----- "Prepare mappings for RoleMetadataSource" - 00:00:00.0118260
----- "Prepare mappings for MembershipMetadataSource" - 00:00:00.0191209
----- "Prepare mappings for UserActivityMetadaSource" - 00:00:00.0141736
----- "Prepare mappings for UserProfileMetadataSource" - 00:00:00.0259169
----- "Prepare mappings for MultisiteMetadataSource" - 00:00:00.0169324
----- "Prepare mappings for SchedulingMetadataSource" - 00:00:00.0122003
----- "Prepare mappings for ModuleBuilderMetadataSource" - 00:00:00.0243532
----- "Prepare mappings for DynamicModuleMetadataSource" - 00:00:00.0119761
----- "Prepare mappings for PublishingMetadataSource" - 00:00:00.0139083
----- "Prepare mappings for FileMonitorFluentMetadataSource" - 00:00:00.0006009
----- "Prepare mappings for ServiceHooksFluentMetadataSource" - 00:00:00.0097259
----- "Extend metadata container. Module: (Telerik.Sitefinity.Packaging.Data.OpenAccessPackagingProvider)." - 00:00:00.2604925
------ "Update meta data. MetadataSource: CombinedMetadataSource" - 00:00:00.2566033
------- "Aggregation" - 00:00:00.1351899
-------- "Extend" - 00:00:00.1351832
--------- "Prepare mappings for CombinedMetadataSource" - 00:00:00.0256672
--------- "Unknown" - 00:00:00.1095160
------- "ReplaceMetadata" - 00:00:00.1172809
------- "Upgrade provider" - 00:00:00.0022721
----- "Unknown" - 00:00:00.0623497
---- "Load all other modules async" - 00:00:00.4538593
----- "Load 'WebSecurity' module" - 00:00:00.0024394
----- "Load 'SitemapGenerator' module" - 00:00:00.0008460
----- "Load 'SharepointConnector' module" - 00:00:00.0005746
----- "Load 'SalesForceConnector' module" - 00:00:00.0000759
----- "Load 'RecycleBin' module" - 00:00:00.0007628
----- "Load 'NativeChat' module" - 00:00:00.0001149
----- "Unknown" - 00:00:00.4490457
--- "Enable MVC" - 00:00:00.0079035
--- "On Modules Initialized Event" - 00:00:00.0010854
--- "Unknown" - 00:00:00.9485025
-- "Bootstrap Events" - 00:00:02.0054555
--- "On Initialized (Bootstrapped)" - 00:00:00.9882300
---- "Feather" - 00:00:00.6492775
----- "Initializing 'ResourcesInitializer'." - 00:00:00.0068890
----- "Initializing 'DesignerInitializer'." - 00:00:00.0037057
----- "Initializing 'FileMonitoringInitializer'." - 00:00:00.1370215
----- "Initializing 'LayoutInitializer'." - 00:00:00.0079091
----- "Initializing 'PersonalizationInitializer'." - 00:00:00.0009586
----- "Initializing 'ControllerContainerInitializer'." - 00:00:00.4818149
---- "Unknown" - 00:00:00.3389525
--- "On Bootstrapped" - 00:00:01.0172182
---- "Initialize ServiceStack app host." - 00:00:00.9499353
---- "Unknown" - 00:00:00.0672829
-- "Unknown" - 00:00:00.2153269
Total: 00:00:12.3318983
