- "WebApi: Creating route" - 00:00:01.2809389
-- "WebApi: Creating service proxy" - 00:00:01.2048010
--- "Instantiate 'Telerik.Sitefinity.Modules.Lists.ListsManager' providers" - 00:00:00.3188070
---- "Extend metadata container. Module: (Telerik.Sitefinity.Modules.Lists.Data.OpenAccessListsDataProvider)." - 00:00:00.2169952
----- "Update meta data. MetadataSource: ListsMetadataSource" - 00:00:00.2162691
------ "Aggregation" - 00:00:00.1141939
------- "Extend" - 00:00:00.1141922
-------- "Prepare mappings for ListsMetadataSource" - 00:00:00.0183069
-------- "Unknown" - 00:00:00.0958853
------ "ReplaceMetadata" - 00:00:00.0418420
------ "Upgrade provider" - 00:00:00.0601707
---- "Unknown" - 00:00:00.1018118
--- "Instantiate 'Telerik.Sitefinity.Modules.GenericContent.ContentManager' providers" - 00:00:00.2870841
---- "Extend metadata container. Module: (Telerik.Sitefinity.Modules.GenericContent.Data.OpenAccessContentProvider)." - 00:00:00.1934087
----- "Update meta data. MetadataSource: ContentMetadataSource" - 00:00:00.1932399
------ "Aggregation" - 00:00:00.1603785
------- "Extend" - 00:00:00.1603768
-------- "Prepare mappings for ContentMetadataSource" - 00:00:00.0459049
-------- "Unknown" - 00:00:00.1144719
------ "ReplaceMetadata" - 00:00:00.0325665
------ "Upgrade provider" - 00:00:00.0002359
---- "Unknown" - 00:00:00.0936754
--- "Unknown" - 00:00:00.5989099
-- "Unknown" - 00:00:00.0761379
Total: 00:00:01.2809389
