- "Bootstrap" - 00:00:10.9253247
-- "Bootstrapping" - 00:00:00.0008499
-- "RegisterIoCTypes" - 00:00:01.2900906
--- "Instantiate 'Telerik.Sitefinity.Configuration.ConfigManager' providers" - 00:00:00.0153365
--- "Instantiate 'Telerik.Sitefinity.Localization.ResourceManager' providers" - 00:00:00.0100703
--- "Unknown" - 00:00:01.2646838
-- "RegisterRoutes" - 00:00:07.6559219
--- "Instantiate 'Telerik.Sitefinity.Data.Metadata.MetadataManager' providers" - 00:00:03.0969987
---- "Prepare mappings for MetadataMetadataSource" - 00:00:01.0426789
---- "Prepare mappings for XmlConfigStorageMetadataSource" - 00:00:00.0149130
---- "Unknown" - 00:00:02.0394068
--- "MetadataManager" - 00:00:00.0001099
--- "Initialize Services:" - 00:00:00.0886479
---- "Notifications" - 00:00:00.0095819
---- "Documents" - 00:00:00.0022458
---- "Statistics" - 00:00:00.0710771
---- "Comments" - 00:00:00.0039132
---- "RecycleBin" - 00:00:00.0010748
--- "Initialize Modules:" - 00:00:01.1860080
---- "Multisite" - 00:00:00.0140905
---- "MultisiteInternal" - 00:00:00.0627507
---- "Scheduling" - 00:00:00.0057745
---- "News" - 00:00:00.0132456
---- "Blogs" - 00:00:00.0108011
---- "Events" - 00:00:00.0403350
---- "Libraries" - 00:00:00.0140220
---- "Forms" - 00:00:00.0132842
---- "Lists" - 00:00:00.0078164
---- "Authentication" - 00:00:00.2662687
---- "Newsletters" - 00:00:00.0107163
---- "GenericContent" - 00:00:00.0041925
---- "ControlTemplates" - 00:00:00.0041203
---- "ModuleBuilder" - 00:00:00.0129639
---- "ResponsiveDesign" - 00:00:00.0000019
---- "Publishing" - 00:00:00.2684956
---- "Search" - 00:00:00.0534647
---- "Personalization" - 00:00:00.0363062
---- "Feather" - 00:00:00.0039357
---- "ProtectionShield" - 00:00:00.0000021
---- "Comments" - 00:00:00.0061723
---- "WebServices" - 00:00:00.0580661
---- "Warmup" - 00:00:00.0000032
---- "AdminBridge" - 00:00:00.0076437
---- "EloquaConnector" - 00:00:00.0110793
---- "HubSpotConnector" - 00:00:00.0119873
---- "Translations" - 00:00:00.0281173
---- "ABTesting" - 00:00:00.0165975
---- "AuditTrail" - 00:00:00.0000010
---- "PackagingModule" - 00:00:00.0365178
---- "ContextualHelp" - 00:00:00.0041617
---- "ServiceHooksModule" - 00:00:00.0076250
---- "Analytics" - 00:00:00.0191623
---- "ElasticsearchAudit" - 00:00:00.0000013
---- "Dashboard" - 00:00:00.0061633
---- "DataIntelligenceConnector" - 00:00:00.0330747
---- "Diagnostics" - 00:00:00.0000015
---- "Forums" - 00:00:00.0000006
---- "MarketoConnector" - 00:00:00.0006019
---- "MobileFormats" - 00:00:00.0417707
---- "NativeChat" - 00:00:00.0073418
---- "RecycleBin" - 00:00:00.0143737
---- "SalesForceConnector" - 00:00:00.0068340
---- "SharepointConnector" - 00:00:00.0093630
---- "SitemapGenerator" - 00:00:00.0068482
---- "Synchronization" - 00:00:00.0000012
---- "WebSecurity" - 00:00:00.0089999
--- "Initialize taxonomy" - 00:00:00.0093042
--- "RegisterManagerTypes" - 00:00:01.5472525
---- "Instantiate 'Telerik.Sitefinity.Packaging.PackagingManager' providers" - 00:00:00.0507599
---- "Instantiate 'Telerik.Sitefinity.SiteSettings.SiteSettingsManager' providers" - 00:00:00.0644269
---- "Instantiate 'Telerik.Sitefinity.Modules.Pages.PageManager' providers" - 00:00:00.3093896
---- "Instantiate 'Telerik.Sitefinity.Security.SecurityManager' providers" - 00:00:00.0639079
---- "Instantiate 'Telerik.Sitefinity.Security.RoleManager' providers" - 00:00:00.0794165
---- "Instantiate 'Telerik.Sitefinity.Security.UserManager' providers" - 00:00:00.1024191
---- "Instantiate 'Telerik.Sitefinity.Security.UserActivityManager' providers" - 00:00:00.0629339
---- "Instantiate 'Telerik.Sitefinity.Security.UserProfileManager' providers" - 00:00:00.1028356
---- "Instantiate 'Telerik.Sitefinity.Multisite.MultisiteManager' providers" - 00:00:00.0911804
---- "Instantiate 'Telerik.Sitefinity.Scheduling.SchedulingManager' providers" - 00:00:00.0928097
---- "Instantiate 'Telerik.Sitefinity.DynamicModules.Builder.ModuleBuilderManager' providers" - 00:00:00.1089849
---- "Instantiate 'Telerik.Sitefinity.DynamicModules.DynamicModuleManager' providers" - 00:00:00.0876190
---- "Instantiate 'Telerik.Sitefinity.Publishing.PublishingManager' providers" - 00:00:00.1138897
---- "Instantiate 'Telerik.Sitefinity.Frontend.FilesMonitoring.Data.FileMonitorDataManager' providers" - 00:00:00.0062083
---- "Instantiate 'Telerik.Sitefinity.ServiceHooks.ServiceHooksManager' providers" - 00:00:00.0089093
---- "Unknown" - 00:00:00.2015618
--- "Load Modules:" - 00:00:01.0849175
---- "Load 'PackagingModule' module" - 00:00:00.5901628
----- "Prepare mappings for PackagingMetadataSource" - 00:00:00.1867867
------ "Create meta cache" - 00:00:00.1368707
----- "Prepare mappings for SiteSettingsMetadataSource" - 00:00:00.0069442
----- "Prepare mappings for PagesMetadataSource" - 00:00:00.0585219
----- "Prepare mappings for SecurityMetadataSource" - 00:00:00.0085109
----- "Prepare mappings for RoleMetadataSource" - 00:00:00.0080644
----- "Prepare mappings for MembershipMetadataSource" - 00:00:00.0073023
----- "Prepare mappings for UserActivityMetadaSource" - 00:00:00.0073679
----- "Prepare mappings for UserProfileMetadataSource" - 00:00:00.0114010
----- "Prepare mappings for MultisiteMetadataSource" - 00:00:00.0110956
----- "Prepare mappings for SchedulingMetadataSource" - 00:00:00.0072129
----- "Prepare mappings for ModuleBuilderMetadataSource" - 00:00:00.0124987
----- "Prepare mappings for DynamicModuleMetadataSource" - 00:00:00.0080687
----- "Prepare mappings for PublishingMetadataSource" - 00:00:00.0129780
----- "Prepare mappings for FileMonitorFluentMetadataSource" - 00:00:00.0003213
----- "Prepare mappings for ServiceHooksFluentMetadataSource" - 00:00:00.0069848
----- "Extend metadata container. Module: (Telerik.Sitefinity.Packaging.Data.OpenAccessPackagingProvider)." - 00:00:00.1837166
------ "Update meta data. MetadataSource: CombinedMetadataSource" - 00:00:00.1796645
------- "Aggregation" - 00:00:00.0729222
-------- "Extend" - 00:00:00.0729199
--------- "Prepare mappings for CombinedMetadataSource" - 00:00:00.0194134
--------- "Unknown" - 00:00:00.0535065
------- "ReplaceMetadata" - 00:00:00.1028723
------- "Upgrade provider" - 00:00:00.0021723
----- "Unknown" - 00:00:00.0523869
---- "Load all other modules async" - 00:00:00.4946379
----- "Load 'WebSecurity' module" - 00:00:00.0008760
----- "Load 'SitemapGenerator' module" - 00:00:00.0002729
----- "Load 'SharepointConnector' module" - 00:00:00.0002825
----- "Load 'SalesForceConnector' module" - 00:00:00.0001161
----- "Load 'RecycleBin' module" - 00:00:00.0002601
----- "Load 'NativeChat' module" - 00:00:00.0001150
----- "Load 'MobileFormats' module" - 00:00:00.0230982
----- "Unknown" - 00:00:00.4696171
--- "Enable MVC" - 00:00:00.0072948
--- "On Modules Initialized Event" - 00:00:00.0010213
--- "Unknown" - 00:00:00.6343671
-- "Bootstrap Events" - 00:00:01.7806824
--- "On Initialized (Bootstrapped)" - 00:00:00.8927913
---- "Feather" - 00:00:00.5994251
----- "Initializing 'ResourcesInitializer'." - 00:00:00.0061273
----- "Initializing 'DesignerInitializer'." - 00:00:00.0032624
----- "Initializing 'FileMonitoringInitializer'." - 00:00:00.0846823
----- "Initializing 'LayoutInitializer'." - 00:00:00.0101076
----- "Initializing 'PersonalizationInitializer'." - 00:00:00.0008536
----- "Initializing 'ControllerContainerInitializer'." - 00:00:00.4868685
---- "Unknown" - 00:00:00.2933662
--- "On Bootstrapped" - 00:00:00.8878834
---- "Initialize ServiceStack app host." - 00:00:00.8442170
-- "Unknown" - 00:00:00.1977799
Total: 00:00:10.9253247
