- "WebApi: Creating route" - 00:00:01.4605209
-- "WebApi: Creating service proxy" - 00:00:01.3928069
--- "Prepare mappings for EventsMetadataSource" - 00:00:00.0072834
--- "Prepare mappings for LibrariesMetadataSource" - 00:00:00.0491663
--- "Extend metadata container. Module: (Telerik.Sitefinity.Modules.Libraries.Data.OpenAccessLibrariesProvider)." - 00:00:00.1667369
---- "Update meta data. MetadataSource: CombinedMetadataSource" - 00:00:00.1665514
----- "Aggregation" - 00:00:00.1272432
------ "Extend" - 00:00:00.1272410
------- "Prepare mappings for CombinedMetadataSource" - 00:00:00.0110207
------- "Unknown" - 00:00:00.1162203
----- "ReplaceMetadata" - 00:00:00.0392474
----- "Upgrade provider" - 00:00:00.0000049
--- "Instantiate 'Telerik.Sitefinity.Modules.Lists.ListsManager' providers" - 00:00:00.3350111
---- "Extend metadata container. Module: (Telerik.Sitefinity.Modules.Lists.Data.OpenAccessListsDataProvider)." - 00:00:00.2258708
----- "Update meta data. MetadataSource: ListsMetadataSource" - 00:00:00.2254226
------ "Aggregation" - 00:00:00.1532354
------- "Extend" - 00:00:00.1532336
-------- "Prepare mappings for ListsMetadataSource" - 00:00:00.0173105
-------- "Unknown" - 00:00:00.1359231
------ "ReplaceMetadata" - 00:00:00.0355934
------ "Upgrade provider" - 00:00:00.0365441
---- "Unknown" - 00:00:00.1091403
--- "Instantiate 'Telerik.Sitefinity.Modules.GenericContent.ContentManager' providers" - 00:00:00.3414806
---- "Extend metadata container. Module: (Telerik.Sitefinity.Modules.GenericContent.Data.OpenAccessContentProvider)." - 00:00:00.2417774
----- "Update meta data. MetadataSource: ContentMetadataSource" - 00:00:00.2416208
------ "Aggregation" - 00:00:00.2136328
------- "Extend" - 00:00:00.2136306
-------- "Prepare mappings for ContentMetadataSource" - 00:00:00.0481355
-------- "Unknown" - 00:00:00.1654951
------ "ReplaceMetadata" - 00:00:00.0276972
------ "Upgrade provider" - 00:00:00.0002335
---- "Unknown" - 00:00:00.0997032
--- "Unknown" - 00:00:00.4931286
-- "Unknown" - 00:00:00.0677140
Total: 00:00:01.4605209
