- "WebApi: Creating route" - 00:00:03.4192766
-- "WebApi: Creating service proxy" - 00:00:03.3393919
--- "Prepare mappings for BlogsMetadataSource" - 00:00:00.0163930
--- "Prepare mappings for EventsMetadataSource" - 00:00:00.0060860
--- "Extend metadata container. Module: (Telerik.Sitefinity.Modules.Events.Data.OpenAccessEventProvider)." - 00:00:00.5634896
---- "Update meta data. MetadataSource: CombinedMetadataSource" - 00:00:00.5631980
----- "Aggregation" - 00:00:00.5168841
------ "Extend" - 00:00:00.5168809
------- "Prepare mappings for CombinedMetadataSource" - 00:00:00.0601894
------- "Unknown" - 00:00:00.4566915
----- "ReplaceMetadata" - 00:00:00.0461905
----- "Upgrade provider" - 00:00:00.0000047
--- "Prepare mappings for LibrariesMetadataSource" - 00:00:00.0498718
--- "Extend metadata container. Module: (Telerik.Sitefinity.Modules.Libraries.Data.OpenAccessLibrariesProvider)." - 00:00:00.4887245
---- "Update meta data. MetadataSource: CombinedMetadataSource" - 00:00:00.4882340
----- "Aggregation" - 00:00:00.4386465
------ "Extend" - 00:00:00.4386430
------- "Prepare mappings for CombinedMetadataSource" - 00:00:00.0207086
------- "Unknown" - 00:00:00.4179344
----- "ReplaceMetadata" - 00:00:00.0494494
----- "Upgrade provider" - 00:00:00.0000088
--- "Instantiate 'Telerik.Sitefinity.Modules.Lists.ListsManager' providers" - 00:00:00.7099847
---- "Extend metadata container. Module: (Telerik.Sitefinity.Modules.Lists.Data.OpenAccessListsDataProvider)." - 00:00:00.6077530
----- "Update meta data. MetadataSource: ListsMetadataSource" - 00:00:00.6071802
------ "Aggregation" - 00:00:00.4962159
------- "Extend" - 00:00:00.4962135
-------- "Prepare mappings for ListsMetadataSource" - 00:00:00.0212860
-------- "Unknown" - 00:00:00.4749275
------ "ReplaceMetadata" - 00:00:00.0535283
------ "Upgrade provider" - 00:00:00.0573588
---- "Unknown" - 00:00:00.1022317
--- "Instantiate 'Telerik.Sitefinity.Modules.GenericContent.ContentManager' providers" - 00:00:00.7295227
---- "Extend metadata container. Module: (Telerik.Sitefinity.Modules.GenericContent.Data.OpenAccessContentProvider)." - 00:00:00.4994589
----- "Update meta data. MetadataSource: ContentMetadataSource" - 00:00:00.4991735
------ "Aggregation" - 00:00:00.4522215
------- "Extend" - 00:00:00.4522190
-------- "Prepare mappings for ContentMetadataSource" - 00:00:00.2619892
-------- "Unknown" - 00:00:00.1902298
------ "ReplaceMetadata" - 00:00:00.0463334
------ "Upgrade provider" - 00:00:00.0005222
---- "Unknown" - 00:00:00.2300638
--- "Unknown" - 00:00:00.7753196
-- "Unknown" - 00:00:00.0798847
Total: 00:00:03.4192766
