- "ASYNC: RegisterManagerTypes on bootstrap" - 00:00:12.5608288
-- "Instantiate 'Telerik.Sitefinity.Workflow.WorkflowManager' providers" - 00:00:01.8440571
-- "Instantiate 'Telerik.Sitefinity.Data.ContentLinks.ContentLinksManager' providers" - 00:00:00.2937196
-- "Instantiate 'Telerik.Sitefinity.Taxonomies.TaxonomyManager' providers" - 00:00:00.5251770
-- "Instantiate 'Telerik.Sitefinity.ContentLocations.ContentLocationsManager' providers" - 00:00:00.3330168
-- "Instantiate 'Telerik.Sitefinity.Versioning.VersionManager' providers" - 00:00:00.3310622
-- "Instantiate 'Telerik.Sitefinity.Web.OutputCache.Data.OutputCacheRelationsManager' providers" - 00:00:00.2193099
-- "Instantiate 'Telerik.Sitefinity.Services.Notifications.NotificationsManager' providers" - 00:00:00.1087272
-- "Instantiate 'Telerik.Sitefinity.Services.Statistics.StatisticsManager' providers" - 00:00:00.0525072
-- "Instantiate 'Telerik.Sitefinity.Services.Comments.Impl.CommentsManager' providers" - 00:00:00.0640488
-- "Instantiate 'Telerik.Sitefinity.Modules.News.NewsManager' providers" - 00:00:00.4409464
-- "Instantiate 'Telerik.Sitefinity.Modules.Blogs.BlogsManager' providers" - 00:00:00.4792936
-- "Instantiate 'Telerik.Sitefinity.Modules.Events.EventsManager' providers" - 00:00:01.0640058
-- "Instantiate 'Telerik.Sitefinity.Modules.Libraries.LibrariesManager' providers" - 00:00:00.6056359
-- "Instantiate 'Telerik.Sitefinity.Modules.Libraries.BlobStorage.BlobStorageManager' providers" - 00:00:00.4262930
-- "Instantiate 'Telerik.Sitefinity.Modules.Forms.FormsManager' providers" - 00:00:00.6345085
-- "Instantiate 'Telerik.Sitefinity.Authentication.Data.AuthenticationDataManager' providers" - 00:00:00.3069244
-- "Instantiate 'Telerik.Sitefinity.ABTesting.ABTestingManager' providers" - 00:00:00.2874449
-- "Instantiate 'Telerik.Sitefinity.Dashboard.Data.DashboardManager' providers" - 00:00:00.2657107
-- "Instantiate 'Telerik.Sitefinity.Translations.TranslationManager' providers" - 00:00:00.3432305
-- "Execute 33 default data initializers" - 00:00:01.3375817
--- "Prepare mappings for EventsMetadataSource" - 00:00:00.0188658
--- "Prepare mappings for LibrariesMetadataSource" - 00:00:00.2036925
--- "Prepare mappings for BlobStorageMetadataSource" - 00:00:00.0549766
--- "Prepare mappings for AuthenticationFluentMetadataSource" - 00:00:00.0056556
--- "Prepare mappings for ABTestingFluentMetadataSource" - 00:00:00.0081826
--- "Prepare mappings for DashboardFluentMetadataSource" - 00:00:00.0332579
--- "Prepare mappings for TranslationMetadataSource" - 00:00:00.0173174
--- "Extend metadata container. Module: (Telerik.Sitefinity.Modules.Events.Data.OpenAccessEventProvider)." - 00:00:00.7378680
---- "Update meta data. MetadataSource: CombinedMetadataSource" - 00:00:00.7378196
----- "Aggregation" - 00:00:00.5477973
------ "Extend" - 00:00:00.5477914
------- "Prepare mappings for CombinedMetadataSource" - 00:00:00.0619992
------- "Unknown" - 00:00:00.4857922
----- "ReplaceMetadata" - 00:00:00.1892377
----- "Upgrade provider" - 00:00:00.0006824
--- "Unknown" - 00:00:00.2577653
-- "Unknown" - 00:00:02.5976276
Total: 00:00:12.5608288
