- "Bootstrap" - 00:00:12.8568227
-- "Bootstrapping" - 00:00:00.0009164
-- "RegisterIoCTypes" - 00:00:01.6418415
--- "Instantiate 'Telerik.Sitefinity.Configuration.ConfigManager' providers" - 00:00:00.0328333
--- "Instantiate 'Telerik.Sitefinity.Localization.ResourceManager' providers" - 00:00:00.0181950
--- "Unknown" - 00:00:01.5908132
-- "RegisterRoutes" - 00:00:08.9307664
--- "Instantiate 'Telerik.Sitefinity.Data.Metadata.MetadataManager' providers" - 00:00:03.3944997
---- "Prepare mappings for MetadataMetadataSource" - 00:00:01.2577177
---- "Prepare mappings for XmlConfigStorageMetadataSource" - 00:00:00.0333742
---- "Unknown" - 00:00:02.1034078
--- "MetadataManager" - 00:00:00.0000924
--- "Initialize Services:" - 00:00:00.1033344
---- "Notifications" - 00:00:00.0174866
---- "Documents" - 00:00:00.0027401
---- "Statistics" - 00:00:00.0775709
---- "Comments" - 00:00:00.0032702
---- "RecycleBin" - 00:00:00.0012395
--- "Initialize Modules:" - 00:00:01.4114869
---- "Multisite" - 00:00:00.0231225
---- "MultisiteInternal" - 00:00:00.0810234
---- "Scheduling" - 00:00:00.0112847
---- "News" - 00:00:00.0223162
---- "Blogs" - 00:00:00.0175740
---- "Events" - 00:00:00.0182693
---- "Libraries" - 00:00:00.0184049
---- "Forms" - 00:00:00.0154671
---- "Lists" - 00:00:00.0106105
---- "Authentication" - 00:00:00.2901395
---- "Newsletters" - 00:00:00.0102068
---- "GenericContent" - 00:00:00.0052464
---- "ControlTemplates" - 00:00:00.0057335
---- "ModuleBuilder" - 00:00:00.0275143
---- "ResponsiveDesign" - 00:00:00.0000027
---- "Publishing" - 00:00:00.3151613
---- "Search" - 00:00:00.0771964
---- "Personalization" - 00:00:00.0292545
---- "Feather" - 00:00:00.0063671
---- "ProtectionShield" - 00:00:00.0000018
---- "Comments" - 00:00:00.0069208
---- "WebServices" - 00:00:00.0710833
---- "Warmup" - 00:00:00.0000024
---- "AdminBridge" - 00:00:00.0098649
---- "EloquaConnector" - 00:00:00.0122780
---- "HubSpotConnector" - 00:00:00.0146468
---- "Translations" - 00:00:00.0422798
---- "ABTesting" - 00:00:00.0166409
---- "AuditTrail" - 00:00:00.0000011
---- "PackagingModule" - 00:00:00.0287946
---- "ContextualHelp" - 00:00:00.0040851
---- "ServiceHooksModule" - 00:00:00.0073699
---- "Analytics" - 00:00:00.0421738
---- "ElasticsearchAudit" - 00:00:00.0000024
---- "Dashboard" - 00:00:00.0093662
---- "DataIntelligenceConnector" - 00:00:00.0552360
---- "Diagnostics" - 00:00:00.0000015
---- "Forums" - 00:00:00.0000005
---- "MarketoConnector" - 00:00:00.0006754
---- "MobileFormats" - 00:00:00.0414571
---- "NativeChat" - 00:00:00.0088868
---- "RecycleBin" - 00:00:00.0162563
---- "SalesForceConnector" - 00:00:00.0076156
---- "SharepointConnector" - 00:00:00.0087868
---- "SitemapGenerator" - 00:00:00.0091257
---- "Synchronization" - 00:00:00.0000017
---- "WebSecurity" - 00:00:00.0121602
--- "Initialize taxonomy" - 00:00:00.0106892
--- "RegisterManagerTypes" - 00:00:01.6998816
---- "Instantiate 'Telerik.Sitefinity.Packaging.PackagingManager' providers" - 00:00:00.0581856
---- "Instantiate 'Telerik.Sitefinity.SiteSettings.SiteSettingsManager' providers" - 00:00:00.0777153
---- "Instantiate 'Telerik.Sitefinity.Modules.Pages.PageManager' providers" - 00:00:00.3299990
---- "Instantiate 'Telerik.Sitefinity.Security.SecurityManager' providers" - 00:00:00.0845931
---- "Instantiate 'Telerik.Sitefinity.Security.RoleManager' providers" - 00:00:00.0863260
---- "Instantiate 'Telerik.Sitefinity.Security.UserManager' providers" - 00:00:00.1140097
---- "Instantiate 'Telerik.Sitefinity.Security.UserActivityManager' providers" - 00:00:00.0645025
---- "Instantiate 'Telerik.Sitefinity.Security.UserProfileManager' providers" - 00:00:00.1253701
---- "Instantiate 'Telerik.Sitefinity.Multisite.MultisiteManager' providers" - 00:00:00.0823364
---- "Instantiate 'Telerik.Sitefinity.Scheduling.SchedulingManager' providers" - 00:00:00.0919467
---- "Instantiate 'Telerik.Sitefinity.DynamicModules.Builder.ModuleBuilderManager' providers" - 00:00:00.1126785
---- "Instantiate 'Telerik.Sitefinity.DynamicModules.DynamicModuleManager' providers" - 00:00:00.1035764
---- "Instantiate 'Telerik.Sitefinity.Publishing.PublishingManager' providers" - 00:00:00.1198361
---- "Instantiate 'Telerik.Sitefinity.Frontend.FilesMonitoring.Data.FileMonitorDataManager' providers" - 00:00:00.0052684
---- "Instantiate 'Telerik.Sitefinity.ServiceHooks.ServiceHooksManager' providers" - 00:00:00.0108113
---- "Unknown" - 00:00:00.2327265
--- "Load Modules:" - 00:00:01.3306576
---- "Load 'PackagingModule' module" - 00:00:00.6813537
----- "Prepare mappings for PackagingMetadataSource" - 00:00:00.2065681
------ "Create meta cache" - 00:00:00.1489023
------ "Unknown" - 00:00:00.0576658
----- "Prepare mappings for SiteSettingsMetadataSource" - 00:00:00.0100919
----- "Prepare mappings for PagesMetadataSource" - 00:00:00.0893455
----- "Prepare mappings for SecurityMetadataSource" - 00:00:00.0094075
----- "Prepare mappings for RoleMetadataSource" - 00:00:00.0078758
----- "Prepare mappings for MembershipMetadataSource" - 00:00:00.0082407
----- "Prepare mappings for UserActivityMetadaSource" - 00:00:00.0073645
----- "Prepare mappings for UserProfileMetadataSource" - 00:00:00.0113001
----- "Prepare mappings for MultisiteMetadataSource" - 00:00:00.0135168
----- "Prepare mappings for SchedulingMetadataSource" - 00:00:00.0081177
----- "Prepare mappings for ModuleBuilderMetadataSource" - 00:00:00.0127519
----- "Prepare mappings for DynamicModuleMetadataSource" - 00:00:00.0086652
----- "Prepare mappings for PublishingMetadataSource" - 00:00:00.0092609
----- "Prepare mappings for FileMonitorFluentMetadataSource" - 00:00:00.0003003
----- "Prepare mappings for ServiceHooksFluentMetadataSource" - 00:00:00.0076056
----- "Extend metadata container. Module: (Telerik.Sitefinity.Packaging.Data.OpenAccessPackagingProvider)." - 00:00:00.1971952
------ "Update meta data. MetadataSource: CombinedMetadataSource" - 00:00:00.1915626
------- "Aggregation" - 00:00:00.0814240
-------- "Extend" - 00:00:00.0814159
--------- "Prepare mappings for CombinedMetadataSource" - 00:00:00.0238251
--------- "Unknown" - 00:00:00.0575908
------- "ReplaceMetadata" - 00:00:00.1067112
------- "Upgrade provider" - 00:00:00.0017816
----- "Unknown" - 00:00:00.0737460
---- "Load all other modules async" - 00:00:00.6492863
----- "Load 'WebSecurity' module" - 00:00:00.0093555
----- "Load 'SitemapGenerator' module" - 00:00:00.0102956
----- "Unknown" - 00:00:00.6296352
--- "Enable MVC" - 00:00:00.0104696
--- "On Modules Initialized Event" - 00:00:00.0014168
--- "Unknown" - 00:00:00.9682382
-- "Bootstrap Events" - 00:00:02.0701869
--- "On Initialized (Bootstrapped)" - 00:00:01.0529537
---- "Feather" - 00:00:00.6993049
----- "Initializing 'ResourcesInitializer'." - 00:00:00.0056916
----- "Initializing 'DesignerInitializer'." - 00:00:00.0031724
----- "Initializing 'FileMonitoringInitializer'." - 00:00:00.1058956
----- "Initializing 'LayoutInitializer'." - 00:00:00.0073942
----- "Initializing 'PersonalizationInitializer'." - 00:00:00.0009702
----- "Initializing 'ControllerContainerInitializer'." - 00:00:00.5685704
---- "Unknown" - 00:00:00.3536488
--- "On Bootstrapped" - 00:00:01.0172255
---- "Initialize ServiceStack app host." - 00:00:00.9432058
---- "Unknown" - 00:00:00.0740197
-- "Unknown" - 00:00:00.2131115
Total: 00:00:12.8568227
