- "WebApi: Executing a batch request" - 00:00:01.0033765
-- "WebApi: Action executed - POST" - 00:00:00.8067873
--- "Extend metadata container. Module: (Telerik.Sitefinity.Modules.Forms.Data.OpenAccessFormsProvider)." - 00:00:00.4212793
---- "Update meta data. MetadataSource: FormsMetadataSource" - 00:00:00.4210565
----- "Aggregation" - 00:00:00.1134307
------ "Extend" - 00:00:00.1134291
------- "Prepare mappings for FormsMetadataSource" - 00:00:00.1134144
-------- "Create meta cache" - 00:00:00.0188170
-------- "Unknown" - 00:00:00.0945974
----- "ReplaceMetadata" - 00:00:00.3008658
------ "Upgrade Database Schema" - 00:00:00.2516923
----- "Upgrade provider" - 00:00:00.0066810
--- "Unknown" - 00:00:00.3855080
-- "WebApi: Creating route" - 00:00:00.1005284
--- "WebApi: Creating service proxy" - 00:00:00.1003349
-- "WebApi: Model generation" - 00:00:00.0490459
-- "WebApi: Action executed - GET" - 00:00:00.0433848
--- "WebApi: Getting items" - 00:00:00.0217653
--- "WebApi: Transforming database value" - 00:00:00.0160259
---- "WebApi: Getting calculated property value - Provider" - 00:00:00.0000337
---- "WebApi: Getting calculated property value - CreatedBy" - 00:00:00.0000945
---- "WebApi: Getting calculated property value - LastModifiedBy" - 00:00:00.0000101
---- "WebApi: Getting calculated property value - AvailableLanguages" - 00:00:00.0000072
---- "WebApi: Getting calculated property value - ViewUrl" - 00:00:00.0081197
---- "WebApi: Getting calculated property value - EditUrl" - 00:00:00.0067011
---- "WebApi: Getting calculated property value - DisplayStatus" - 00:00:00.0001825
Total: 00:00:01.0033765
