- "Prepare mappings for WorfklowMetadataSource" - 00:00:00.1210614
- "Prepare mappings for ContentLinksMetadataSource" - 00:00:00.0125493
- "Prepare mappings for TaxonomyMetadataSource" - 00:00:00.0208803
- "Prepare mappings for ContentLocationsMetadataSource" - 00:00:00.0130056
- "Prepare mappings for VersioningMetadataSource" - 00:00:00.0175432
- "Prepare mappings for OutputCacheRelationsMetadataSource" - 00:00:00.0132063
- "Prepare mappings for NotificationsFluentMetadataSource" - 00:00:00.0085470
- "Prepare mappings for StatisticsFluentMetadataSource" - 00:00:00.0030642
- "Prepare mappings for CommentsFluentMetadataSource" - 00:00:00.0048753
- "Prepare mappings for NewsMetadataSource" - 00:00:00.0965039
- "Prepare mappings for BlogsMetadataSource" - 00:00:00.0119070
- "Extend metadata container. Module: (Telerik.Sitefinity.Taxonomies.Data.OpenAccessTaxonomyProvider)." - 00:00:00.6406328
-- "Update meta data. MetadataSource: CombinedMetadataSource" - 00:00:00.6399606
--- "Aggregation" - 00:00:00.3698237
---- "Extend" - 00:00:00.3698172
----- "Prepare mappings for CombinedMetadataSource" - 00:00:00.0513996
----- "Unknown" - 00:00:00.3184176
--- "ReplaceMetadata" - 00:00:00.2698917
--- "Upgrade provider" - 00:00:00.0000073
Total: 00:00:00.9637763
