- "ASYNC: RegisterManagerTypes on bootstrap" - 00:00:05.4768963
-- "Instantiate 'Telerik.Sitefinity.Workflow.WorkflowManager' providers" - 00:00:00.7080576
-- "Instantiate 'Telerik.Sitefinity.Data.ContentLinks.ContentLinksManager' providers" - 00:00:00.1184336
-- "Instantiate 'Telerik.Sitefinity.Taxonomies.TaxonomyManager' providers" - 00:00:00.1587555
-- "Instantiate 'Telerik.Sitefinity.ContentLocations.ContentLocationsManager' providers" - 00:00:00.1831206
-- "Instantiate 'Telerik.Sitefinity.Versioning.VersionManager' providers" - 00:00:00.1734079
-- "Instantiate 'Telerik.Sitefinity.Web.OutputCache.Data.OutputCacheRelationsManager' providers" - 00:00:00.0958148
-- "Instantiate 'Telerik.Sitefinity.Services.Notifications.NotificationsManager' providers" - 00:00:00.0523744
-- "Instantiate 'Telerik.Sitefinity.Services.Statistics.StatisticsManager' providers" - 00:00:00.0205673
-- "Instantiate 'Telerik.Sitefinity.Services.Comments.Impl.CommentsManager' providers" - 00:00:00.0258327
-- "Instantiate 'Telerik.Sitefinity.Modules.News.NewsManager' providers" - 00:00:00.1842427
-- "Instantiate 'Telerik.Sitefinity.Modules.Blogs.BlogsManager' providers" - 00:00:00.1674399
-- "Instantiate 'Telerik.Sitefinity.Modules.Events.EventsManager' providers" - 00:00:00.5872085
-- "Instantiate 'Telerik.Sitefinity.Modules.Libraries.LibrariesManager' providers" - 00:00:00.2844925
-- "Instantiate 'Telerik.Sitefinity.Modules.Libraries.BlobStorage.BlobStorageManager' providers" - 00:00:00.1677350
-- "Instantiate 'Telerik.Sitefinity.Modules.Forms.FormsManager' providers" - 00:00:00.2286156
-- "Instantiate 'Telerik.Sitefinity.Authentication.Data.AuthenticationDataManager' providers" - 00:00:00.1199582
-- "Instantiate 'Telerik.Sitefinity.Translations.TranslationManager' providers" - 00:00:00.1132324
-- "Instantiate 'Telerik.Sitefinity.ABTesting.ABTestingManager' providers" - 00:00:00.1502436
-- "Instantiate 'Telerik.Sitefinity.Dashboard.Data.DashboardManager' providers" - 00:00:00.1196134
-- "Execute 33 default data initializers" - 00:00:00.7398856
--- "Prepare mappings for EventsMetadataSource" - 00:00:00.0189444
--- "Prepare mappings for LibrariesMetadataSource" - 00:00:00.0238696
--- "Prepare mappings for BlobStorageMetadataSource" - 00:00:00.0101636
--- "Prepare mappings for AuthenticationFluentMetadataSource" - 00:00:00.0237698
--- "Prepare mappings for TranslationMetadataSource" - 00:00:00.0041191
--- "Prepare mappings for ABTestingFluentMetadataSource" - 00:00:00.0021058
--- "Prepare mappings for DashboardFluentMetadataSource" - 00:00:00.0036657
--- "Extend metadata container. Module: (Telerik.Sitefinity.Modules.Events.Data.OpenAccessEventProvider)." - 00:00:00.3087437
---- "Update meta data. MetadataSource: CombinedMetadataSource" - 00:00:00.3087119
----- "Aggregation" - 00:00:00.2158537
------ "Extend" - 00:00:00.2158515
------- "Prepare mappings for CombinedMetadataSource" - 00:00:00.0703349
------- "Unknown" - 00:00:00.1455166
----- "ReplaceMetadata" - 00:00:00.0923825
----- "Upgrade provider" - 00:00:00.0003986
--- "Unknown" - 00:00:00.3445039
-- "Unknown" - 00:00:01.0778645
Total: 00:00:05.4768963
