- "ASYNC: RegisterManagerTypes on bootstrap" - 00:00:05.1265353
-- "Instantiate 'Telerik.Sitefinity.Workflow.WorkflowManager' providers" - 00:00:00.7692835
-- "Instantiate 'Telerik.Sitefinity.Data.ContentLinks.ContentLinksManager' providers" - 00:00:00.0893744
-- "Instantiate 'Telerik.Sitefinity.Taxonomies.TaxonomyManager' providers" - 00:00:00.2024392
-- "Instantiate 'Telerik.Sitefinity.ContentLocations.ContentLocationsManager' providers" - 00:00:00.0925024
-- "Instantiate 'Telerik.Sitefinity.Versioning.VersionManager' providers" - 00:00:00.1348303
-- "Instantiate 'Telerik.Sitefinity.Web.OutputCache.Data.OutputCacheRelationsManager' providers" - 00:00:00.0805723
-- "Instantiate 'Telerik.Sitefinity.Services.Notifications.NotificationsManager' providers" - 00:00:00.0504211
-- "Instantiate 'Telerik.Sitefinity.Services.Statistics.StatisticsManager' providers" - 00:00:00.0215411
-- "Instantiate 'Telerik.Sitefinity.Services.Comments.Impl.CommentsManager' providers" - 00:00:00.0317933
-- "Instantiate 'Telerik.Sitefinity.Modules.News.NewsManager' providers" - 00:00:00.1388027
-- "Instantiate 'Telerik.Sitefinity.Modules.Blogs.BlogsManager' providers" - 00:00:00.2131981
-- "Instantiate 'Telerik.Sitefinity.Modules.Events.EventsManager' providers" - 00:00:00.4485178
-- "Instantiate 'Telerik.Sitefinity.Modules.Libraries.LibrariesManager' providers" - 00:00:00.2552033
-- "Instantiate 'Telerik.Sitefinity.Modules.Libraries.BlobStorage.BlobStorageManager' providers" - 00:00:00.1876807
-- "Instantiate 'Telerik.Sitefinity.Modules.Forms.FormsManager' providers" - 00:00:00.2704098
-- "Instantiate 'Telerik.Sitefinity.Authentication.Data.AuthenticationDataManager' providers" - 00:00:00.1116458
-- "Instantiate 'Telerik.Sitefinity.Translations.TranslationManager' providers" - 00:00:00.1212872
-- "Instantiate 'Telerik.Sitefinity.ABTesting.ABTestingManager' providers" - 00:00:00.1098347
-- "Instantiate 'Telerik.Sitefinity.Dashboard.Data.DashboardManager' providers" - 00:00:00.1092558
-- "Execute 33 default data initializers" - 00:00:00.5857599
--- "Prepare mappings for EventsMetadataSource" - 00:00:00.0083764
--- "Prepare mappings for LibrariesMetadataSource" - 00:00:00.1178411
--- "Prepare mappings for BlobStorageMetadataSource" - 00:00:00.0340229
--- "Prepare mappings for AuthenticationFluentMetadataSource" - 00:00:00.0288429
--- "Prepare mappings for TranslationMetadataSource" - 00:00:00.0042188
--- "Prepare mappings for ABTestingFluentMetadataSource" - 00:00:00.0021131
--- "Prepare mappings for DashboardFluentMetadataSource" - 00:00:00.0047829
--- "Extend metadata container. Module: (Telerik.Sitefinity.Modules.Events.Data.OpenAccessEventProvider)." - 00:00:00.2869460
---- "Update meta data. MetadataSource: CombinedMetadataSource" - 00:00:00.2869160
----- "Aggregation" - 00:00:00.2032853
------ "Extend" - 00:00:00.2032806
------- "Prepare mappings for CombinedMetadataSource" - 00:00:00.0229143
------- "Unknown" - 00:00:00.1803663
----- "ReplaceMetadata" - 00:00:00.0832168
----- "Upgrade provider" - 00:00:00.0002790
--- "Unknown" - 00:00:00.0986158
-- "Unknown" - 00:00:01.1021819
Total: 00:00:05.1265353
