----------------------------------------
ActivityId: 00000000-0000-0000-0000-000000000000

Timestamp: 6/29/2022 10:10:03 PM

Message: HandlingInstanceID: 511ea700-71e1-414d-9868-fd80b6d17caa
An exception of type 'System.Web.HttpException' occurred and was caught.
------------------------------------------------------------------------
06/30/2022 03:40:03
Type : System.Web.HttpException, System.Web, Version=4.0.0.0, Culture=neutral, PublicKeyToken=b03f5f7f11d50a3a
Message : A potentially dangerous Request.Path value was detected from the client (:).
Source : System.Web
Help link : 
WebEventCode : 0
ErrorCode : -2147467259
Data : System.Collections.ListDictionaryInternal
TargetSite : Void ValidateInputIfRequiredByConfig()
HResult : -2147467259
Stack Trace :    at System.Web.HttpRequest.ValidateInputIfRequiredByConfig()
   at System.Web.HttpApplication.PipelineStepManager.ValidateHelper(HttpContext context)

Additional Info:

MachineName : LAPTOP-I8FOB9EQ
TimeStamp : 6/29/2022 10:10:03 PM
FullName : Telerik.Sitefinity.Utilities, Version=14.1.7824.0, Culture=neutral, PublicKeyToken=b28c218413bdf563
AppDomainName : /LM/W3SVC/2/ROOT-1-133010067637997393
ThreadIdentity : 
WindowsIdentity : LAPTOP-I8FOB9EQ\tekch
Requested URL : https://localhost:5001/Sitefinity/adminapp/pages/(sfedit/34d23da1-c4c1-435c-93e4-48c43d8920c8/dialog:confirm/images/schedule/jason-goodman-bzqU01v-G54-unsplash.jpg


Category: ErrorLog

Priority: 0

EventId: 90000

Severity: Error

Title:Enterprise Library Exception Handling

Machine: LAPTOP-I8FOB9EQ

App Domain: /LM/W3SVC/2/ROOT-1-133010067637997393

ProcessId: 28372

Process Name: C:\Program Files\IIS Express\iisexpress.exe

Thread Name: 

Win32 ThreadId:39388

Extended Properties: 
----------------------------------------
----------------------------------------
ActivityId: 00000000-0000-0000-0000-000000000000

Timestamp: 6/29/2022 10:10:03 PM

Message: HandlingInstanceID: 0bc914ce-69c7-421f-a097-cdc681390a01
An exception of type 'System.Web.HttpException' occurred and was caught.
------------------------------------------------------------------------
06/30/2022 03:40:03
Type : System.Web.HttpException, System.Web, Version=4.0.0.0, Culture=neutral, PublicKeyToken=b03f5f7f11d50a3a
Message : A potentially dangerous Request.Path value was detected from the client (:).
Source : System.Web
Help link : 
WebEventCode : 0
ErrorCode : -2147467259
Data : System.Collections.ListDictionaryInternal
TargetSite : Void ValidateInputIfRequiredByConfig()
HResult : -2147467259
Stack Trace :    at System.Web.HttpRequest.ValidateInputIfRequiredByConfig()
   at System.Web.HttpApplication.PipelineStepManager.ValidateHelper(HttpContext context)

Additional Info:

MachineName : LAPTOP-I8FOB9EQ
TimeStamp : 6/29/2022 10:10:03 PM
FullName : Telerik.Sitefinity.Utilities, Version=14.1.7824.0, Culture=neutral, PublicKeyToken=b28c218413bdf563
AppDomainName : /LM/W3SVC/2/ROOT-1-133010067637997393
ThreadIdentity : 
WindowsIdentity : LAPTOP-I8FOB9EQ\tekch
Requested URL : https://localhost:5001/Sitefinity/adminapp/pages/(sfedit/34d23da1-c4c1-435c-93e4-48c43d8920c8/dialog:confirm/images/schedule/jeshoots-com-TWRCH-GaKr4-unsplash.jpg


Category: ErrorLog

Priority: 0

EventId: 90000

Severity: Error

Title:Enterprise Library Exception Handling

Machine: LAPTOP-I8FOB9EQ

App Domain: /LM/W3SVC/2/ROOT-1-133010067637997393

ProcessId: 28372

Process Name: C:\Program Files\IIS Express\iisexpress.exe

Thread Name: 

Win32 ThreadId:22280

Extended Properties: 
----------------------------------------
----------------------------------------
ActivityId: 00000000-0000-0000-0000-000000000000

Timestamp: 6/29/2022 10:10:03 PM

Message: HandlingInstanceID: 6f710201-2c4e-45b6-8bf6-06c936a70784
An exception of type 'System.Web.HttpException' occurred and was caught.
------------------------------------------------------------------------
06/30/2022 03:40:03
Type : System.Web.HttpException, System.Web, Version=4.0.0.0, Culture=neutral, PublicKeyToken=b03f5f7f11d50a3a
Message : A potentially dangerous Request.Path value was detected from the client (:).
Source : System.Web
Help link : 
WebEventCode : 0
ErrorCode : -2147467259
Data : System.Collections.ListDictionaryInternal
TargetSite : Void ValidateInputIfRequiredByConfig()
HResult : -2147467259
Stack Trace :    at System.Web.HttpRequest.ValidateInputIfRequiredByConfig()
   at System.Web.HttpApplication.PipelineStepManager.ValidateHelper(HttpContext context)

Additional Info:

MachineName : LAPTOP-I8FOB9EQ
TimeStamp : 6/29/2022 10:10:03 PM
FullName : Telerik.Sitefinity.Utilities, Version=14.1.7824.0, Culture=neutral, PublicKeyToken=b28c218413bdf563
AppDomainName : /LM/W3SVC/2/ROOT-1-133010067637997393
ThreadIdentity : 
WindowsIdentity : LAPTOP-I8FOB9EQ\tekch
Requested URL : https://localhost:5001/Sitefinity/adminapp/pages/(sfedit/34d23da1-c4c1-435c-93e4-48c43d8920c8/dialog:confirm/images/avatar/senior-man-white-sweater-eyeglasses.jpg


Category: ErrorLog

Priority: 0

EventId: 90000

Severity: Error

Title:Enterprise Library Exception Handling

Machine: LAPTOP-I8FOB9EQ

App Domain: /LM/W3SVC/2/ROOT-1-133010067637997393

ProcessId: 28372

Process Name: C:\Program Files\IIS Express\iisexpress.exe

Thread Name: 

Win32 ThreadId:11116

Extended Properties: 
----------------------------------------
----------------------------------------
ActivityId: 00000000-0000-0000-0000-000000000000

Timestamp: 6/29/2022 10:10:03 PM

Message: HandlingInstanceID: 321b5b90-4c7c-4406-868f-af6d04f5e1de
An exception of type 'System.Web.HttpException' occurred and was caught.
------------------------------------------------------------------------
06/30/2022 03:40:03
Type : System.Web.HttpException, System.Web, Version=4.0.0.0, Culture=neutral, PublicKeyToken=b03f5f7f11d50a3a
Message : A potentially dangerous Request.Path value was detected from the client (:).
Source : System.Web
Help link : 
WebEventCode : 0
ErrorCode : -2147467259
Data : System.Collections.ListDictionaryInternal
TargetSite : Void ValidateInputIfRequiredByConfig()
HResult : -2147467259
Stack Trace :    at System.Web.HttpRequest.ValidateInputIfRequiredByConfig()
   at System.Web.HttpApplication.PipelineStepManager.ValidateHelper(HttpContext context)

Additional Info:

MachineName : LAPTOP-I8FOB9EQ
TimeStamp : 6/29/2022 10:10:03 PM
FullName : Telerik.Sitefinity.Utilities, Version=14.1.7824.0, Culture=neutral, PublicKeyToken=b28c218413bdf563
AppDomainName : /LM/W3SVC/2/ROOT-1-133010067637997393
ThreadIdentity : 
WindowsIdentity : LAPTOP-I8FOB9EQ\tekch
Requested URL : https://localhost:5001/Sitefinity/adminapp/pages/(sfedit/34d23da1-c4c1-435c-93e4-48c43d8920c8/dialog:confirm/images/schedule/fabian-friedrich-JDUVM9_VaZE-unsplash.jpg


Category: ErrorLog

Priority: 0

EventId: 90000

Severity: Error

Title:Enterprise Library Exception Handling

Machine: LAPTOP-I8FOB9EQ

App Domain: /LM/W3SVC/2/ROOT-1-133010067637997393

ProcessId: 28372

Process Name: C:\Program Files\IIS Express\iisexpress.exe

Thread Name: 

Win32 ThreadId:44004

Extended Properties: 
----------------------------------------
----------------------------------------
ActivityId: 00000000-0000-0000-0000-000000000000

Timestamp: 6/29/2022 10:10:03 PM

Message: HandlingInstanceID: f1d54bf3-cb76-407b-94ec-d6c06fc7bec7
An exception of type 'System.Web.HttpException' occurred and was caught.
------------------------------------------------------------------------
06/30/2022 03:40:03
Type : System.Web.HttpException, System.Web, Version=4.0.0.0, Culture=neutral, PublicKeyToken=b03f5f7f11d50a3a
Message : A potentially dangerous Request.Path value was detected from the client (:).
Source : System.Web
Help link : 
WebEventCode : 0
ErrorCode : -2147467259
Data : System.Collections.ListDictionaryInternal
TargetSite : Void ValidateInputIfRequiredByConfig()
HResult : -2147467259
Stack Trace :    at System.Web.HttpRequest.ValidateInputIfRequiredByConfig()
   at System.Web.HttpApplication.PipelineStepManager.ValidateHelper(HttpContext context)

Additional Info:

MachineName : LAPTOP-I8FOB9EQ
TimeStamp : 6/29/2022 10:10:03 PM
FullName : Telerik.Sitefinity.Utilities, Version=14.1.7824.0, Culture=neutral, PublicKeyToken=b28c218413bdf563
AppDomainName : /LM/W3SVC/2/ROOT-1-133010067637997393
ThreadIdentity : 
WindowsIdentity : LAPTOP-I8FOB9EQ\tekch
Requested URL : https://localhost:5001/Sitefinity/adminapp/pages/(sfedit/34d23da1-c4c1-435c-93e4-48c43d8920c8/dialog:confirm/images/avatar/happy-asian-man-standing-with-arms-crossed-grey-wall.jpg


Category: ErrorLog

Priority: 0

EventId: 90000

Severity: Error

Title:Enterprise Library Exception Handling

Machine: LAPTOP-I8FOB9EQ

App Domain: /LM/W3SVC/2/ROOT-1-133010067637997393

ProcessId: 28372

Process Name: C:\Program Files\IIS Express\iisexpress.exe

Thread Name: 

Win32 ThreadId:37960

Extended Properties: 
----------------------------------------
----------------------------------------
ActivityId: 00000000-0000-0000-0000-000000000000

Timestamp: 6/29/2022 10:10:03 PM

Message: HandlingInstanceID: 2064e58d-2ea6-41f6-bfed-ece48ce91ec8
An exception of type 'System.Web.HttpException' occurred and was caught.
------------------------------------------------------------------------
06/30/2022 03:40:03
Type : System.Web.HttpException, System.Web, Version=4.0.0.0, Culture=neutral, PublicKeyToken=b03f5f7f11d50a3a
Message : A potentially dangerous Request.Path value was detected from the client (:).
Source : System.Web
Help link : 
WebEventCode : 0
ErrorCode : -2147467259
Data : System.Collections.ListDictionaryInternal
TargetSite : Void ValidateInputIfRequiredByConfig()
HResult : -2147467259
Stack Trace :    at System.Web.HttpRequest.ValidateInputIfRequiredByConfig()
   at System.Web.HttpApplication.PipelineStepManager.ValidateHelper(HttpContext context)

Additional Info:

MachineName : LAPTOP-I8FOB9EQ
TimeStamp : 6/29/2022 10:10:03 PM
FullName : Telerik.Sitefinity.Utilities, Version=14.1.7824.0, Culture=neutral, PublicKeyToken=b28c218413bdf563
AppDomainName : /LM/W3SVC/2/ROOT-1-133010067637997393
ThreadIdentity : 
WindowsIdentity : LAPTOP-I8FOB9EQ\tekch
Requested URL : https://localhost:5001/Sitefinity/adminapp/pages/(sfedit/34d23da1-c4c1-435c-93e4-48c43d8920c8/dialog:confirm/images/schedule/business-woman-making-presentation-office.jpg


Category: ErrorLog

Priority: 0

EventId: 90000

Severity: Error

Title:Enterprise Library Exception Handling

Machine: LAPTOP-I8FOB9EQ

App Domain: /LM/W3SVC/2/ROOT-1-133010067637997393

ProcessId: 28372

Process Name: C:\Program Files\IIS Express\iisexpress.exe

Thread Name: 

Win32 ThreadId:30564

Extended Properties: 
----------------------------------------
----------------------------------------
ActivityId: 00000000-0000-0000-0000-000000000000

Timestamp: 6/29/2022 10:10:03 PM

Message: HandlingInstanceID: e6b637db-e3d8-4cec-9c28-f1b3f5a66d53
An exception of type 'System.Web.HttpException' occurred and was caught.
------------------------------------------------------------------------
06/30/2022 03:40:03
Type : System.Web.HttpException, System.Web, Version=4.0.0.0, Culture=neutral, PublicKeyToken=b03f5f7f11d50a3a
Message : A potentially dangerous Request.Path value was detected from the client (:).
Source : System.Web
Help link : 
WebEventCode : 0
ErrorCode : -2147467259
Data : System.Collections.ListDictionaryInternal
TargetSite : Void ValidateInputIfRequiredByConfig()
HResult : -2147467259
Stack Trace :    at System.Web.HttpRequest.ValidateInputIfRequiredByConfig()
   at System.Web.HttpApplication.PipelineStepManager.ValidateHelper(HttpContext context)

Additional Info:

MachineName : LAPTOP-I8FOB9EQ
TimeStamp : 6/29/2022 10:10:03 PM
FullName : Telerik.Sitefinity.Utilities, Version=14.1.7824.0, Culture=neutral, PublicKeyToken=b28c218413bdf563
AppDomainName : /LM/W3SVC/2/ROOT-1-133010067637997393
ThreadIdentity : 
WindowsIdentity : LAPTOP-I8FOB9EQ\tekch
Requested URL : https://localhost:5001/Sitefinity/adminapp/pages/(sfedit/34d23da1-c4c1-435c-93e4-48c43d8920c8/dialog:confirm/images/avatar/indoor-shot-beautiful-happy-african-american-woman-smiling-cheerfully-keeping-her-arms-folded-relaxing-indoors-after-morning-lectures-university.jpg


Category: ErrorLog

Priority: 0

EventId: 90000

Severity: Error

Title:Enterprise Library Exception Handling

Machine: LAPTOP-I8FOB9EQ

App Domain: /LM/W3SVC/2/ROOT-1-133010067637997393

ProcessId: 28372

Process Name: C:\Program Files\IIS Express\iisexpress.exe

Thread Name: 

Win32 ThreadId:11120

Extended Properties: 
----------------------------------------
----------------------------------------
ActivityId: 00000000-0000-0000-0000-000000000000

Timestamp: 6/29/2022 10:10:03 PM

Message: HandlingInstanceID: 637bfe20-9aa2-4966-bab4-3e0c1365c02e
An exception of type 'System.Web.HttpException' occurred and was caught.
------------------------------------------------------------------------
06/30/2022 03:40:03
Type : System.Web.HttpException, System.Web, Version=4.0.0.0, Culture=neutral, PublicKeyToken=b03f5f7f11d50a3a
Message : A potentially dangerous Request.Path value was detected from the client (:).
Source : System.Web
Help link : 
WebEventCode : 0
ErrorCode : -2147467259
Data : System.Collections.ListDictionaryInternal
TargetSite : Void ValidateInputIfRequiredByConfig()
HResult : -2147467259
Stack Trace :    at System.Web.HttpRequest.ValidateInputIfRequiredByConfig()
   at System.Web.HttpApplication.PipelineStepManager.ValidateHelper(HttpContext context)

Additional Info:

MachineName : LAPTOP-I8FOB9EQ
TimeStamp : 6/29/2022 10:10:03 PM
FullName : Telerik.Sitefinity.Utilities, Version=14.1.7824.0, Culture=neutral, PublicKeyToken=b28c218413bdf563
AppDomainName : /LM/W3SVC/2/ROOT-1-133010067637997393
ThreadIdentity : 
WindowsIdentity : LAPTOP-I8FOB9EQ\tekch
Requested URL : https://localhost:5001/Sitefinity/adminapp/pages/(sfedit/34d23da1-c4c1-435c-93e4-48c43d8920c8/dialog:confirm/images/schedule/people-smiling-while-conference-room.jpg


Category: ErrorLog

Priority: 0

EventId: 90000

Severity: Error

Title:Enterprise Library Exception Handling

Machine: LAPTOP-I8FOB9EQ

App Domain: /LM/W3SVC/2/ROOT-1-133010067637997393

ProcessId: 28372

Process Name: C:\Program Files\IIS Express\iisexpress.exe

Thread Name: 

Win32 ThreadId:43588

Extended Properties: 
----------------------------------------
----------------------------------------
ActivityId: 00000000-0000-0000-0000-000000000000

Timestamp: 6/29/2022 10:10:03 PM

Message: HandlingInstanceID: c0b04a89-e990-471e-a44f-f73e10d0d9f8
An exception of type 'System.Web.HttpException' occurred and was caught.
------------------------------------------------------------------------
06/30/2022 03:40:03
Type : System.Web.HttpException, System.Web, Version=4.0.0.0, Culture=neutral, PublicKeyToken=b03f5f7f11d50a3a
Message : A potentially dangerous Request.Path value was detected from the client (:).
Source : System.Web
Help link : 
WebEventCode : 0
ErrorCode : -2147467259
Data : System.Collections.ListDictionaryInternal
TargetSite : Void ValidateInputIfRequiredByConfig()
HResult : -2147467259
Stack Trace :    at System.Web.HttpRequest.ValidateInputIfRequiredByConfig()
   at System.Web.HttpApplication.PipelineStepManager.ValidateHelper(HttpContext context)

Additional Info:

MachineName : LAPTOP-I8FOB9EQ
TimeStamp : 6/29/2022 10:10:03 PM
FullName : Telerik.Sitefinity.Utilities, Version=14.1.7824.0, Culture=neutral, PublicKeyToken=b28c218413bdf563
AppDomainName : /LM/W3SVC/2/ROOT-1-133010067637997393
ThreadIdentity : 
WindowsIdentity : LAPTOP-I8FOB9EQ\tekch
Requested URL : https://localhost:5001/Sitefinity/adminapp/pages/(sfedit/34d23da1-c4c1-435c-93e4-48c43d8920c8/dialog:confirm/images/avatar/portrait-good-looking-brunette-young-asian-woman.jpg


Category: ErrorLog

Priority: 0

EventId: 90000

Severity: Error

Title:Enterprise Library Exception Handling

Machine: LAPTOP-I8FOB9EQ

App Domain: /LM/W3SVC/2/ROOT-1-133010067637997393

ProcessId: 28372

Process Name: C:\Program Files\IIS Express\iisexpress.exe

Thread Name: 

Win32 ThreadId:18484

Extended Properties: 
----------------------------------------
----------------------------------------
ActivityId: 00000000-0000-0000-0000-000000000000

Timestamp: 6/29/2022 10:10:03 PM

Message: HandlingInstanceID: e1830d9e-2b68-4730-8b02-7695ad3337be
An exception of type 'System.Web.HttpException' occurred and was caught.
------------------------------------------------------------------------
06/30/2022 03:40:03
Type : System.Web.HttpException, System.Web, Version=4.0.0.0, Culture=neutral, PublicKeyToken=b03f5f7f11d50a3a
Message : A potentially dangerous Request.Path value was detected from the client (:).
Source : System.Web
Help link : 
WebEventCode : 0
ErrorCode : -2147467259
Data : System.Collections.ListDictionaryInternal
TargetSite : Void ValidateInputIfRequiredByConfig()
HResult : -2147467259
Stack Trace :    at System.Web.HttpRequest.ValidateInputIfRequiredByConfig()
   at System.Web.HttpApplication.PipelineStepManager.ValidateHelper(HttpContext context)

Additional Info:

MachineName : LAPTOP-I8FOB9EQ
TimeStamp : 6/29/2022 10:10:03 PM
FullName : Telerik.Sitefinity.Utilities, Version=14.1.7824.0, Culture=neutral, PublicKeyToken=b28c218413bdf563
AppDomainName : /LM/W3SVC/2/ROOT-1-133010067637997393
ThreadIdentity : 
WindowsIdentity : LAPTOP-I8FOB9EQ\tekch
Requested URL : https://localhost:5001/Sitefinity/adminapp/pages/(sfedit/34d23da1-c4c1-435c-93e4-48c43d8920c8/dialog:confirm/images/schedule/clayton-cardinalli-JMoFpdqL3XM-unsplash.jpg


Category: ErrorLog

Priority: 0

EventId: 90000

Severity: Error

Title:Enterprise Library Exception Handling

Machine: LAPTOP-I8FOB9EQ

App Domain: /LM/W3SVC/2/ROOT-1-133010067637997393

ProcessId: 28372

Process Name: C:\Program Files\IIS Express\iisexpress.exe

Thread Name: 

Win32 ThreadId:43384

Extended Properties: 
----------------------------------------
----------------------------------------
ActivityId: 00000000-0000-0000-0000-000000000000

Timestamp: 6/29/2022 10:10:03 PM

Message: HandlingInstanceID: d92413a4-ad4e-4b26-ba2e-82c292c9a1d6
An exception of type 'System.Web.HttpException' occurred and was caught.
------------------------------------------------------------------------
06/30/2022 03:40:03
Type : System.Web.HttpException, System.Web, Version=4.0.0.0, Culture=neutral, PublicKeyToken=b03f5f7f11d50a3a
Message : A potentially dangerous Request.Path value was detected from the client (:).
Source : System.Web
Help link : 
WebEventCode : 0
ErrorCode : -2147467259
Data : System.Collections.ListDictionaryInternal
TargetSite : Void ValidateInputIfRequiredByConfig()
HResult : -2147467259
Stack Trace :    at System.Web.HttpRequest.ValidateInputIfRequiredByConfig()
   at System.Web.HttpApplication.PipelineStepManager.ValidateHelper(HttpContext context)

Additional Info:

MachineName : LAPTOP-I8FOB9EQ
TimeStamp : 6/29/2022 10:10:03 PM
FullName : Telerik.Sitefinity.Utilities, Version=14.1.7824.0, Culture=neutral, PublicKeyToken=b28c218413bdf563
AppDomainName : /LM/W3SVC/2/ROOT-1-133010067637997393
ThreadIdentity : 
WindowsIdentity : LAPTOP-I8FOB9EQ\tekch
Requested URL : https://localhost:5001/Sitefinity/adminapp/pages/(sfedit/34d23da1-c4c1-435c-93e4-48c43d8920c8/dialog:confirm/images/avatar/pretty-smiling-joyfully-female-with-fair-hair-dressed-casually-looking-with-satisfaction.jpg


Category: ErrorLog

Priority: 0

EventId: 90000

Severity: Error

Title:Enterprise Library Exception Handling

Machine: LAPTOP-I8FOB9EQ

App Domain: /LM/W3SVC/2/ROOT-1-133010067637997393

ProcessId: 28372

Process Name: C:\Program Files\IIS Express\iisexpress.exe

Thread Name: 

Win32 ThreadId:27760

Extended Properties: 
----------------------------------------
