----------------------------------------
ActivityId: 00000000-0000-0000-0000-000000000000

Timestamp: 6/22/2022 4:51:51 AM

Message: HandlingInstanceID: ff634fc6-1c2c-4585-918a-b6baf7a6d495
An exception of type 'System.Web.HttpException' occurred and was caught.
------------------------------------------------------------------------
06/22/2022 10:21:51
Type : System.Web.HttpException, System.Web, Version=4.0.0.0, Culture=neutral, PublicKeyToken=b03f5f7f11d50a3a
Message : A potentially dangerous Request.Path value was detected from the client (:).
Source : System.Web
Help link : 
WebEventCode : 0
ErrorCode : -2147467259
Data : System.Collections.ListDictionaryInternal
TargetSite : Void ValidateInputIfRequiredByConfig()
HResult : -2147467259
Stack Trace :    at System.Web.HttpRequest.ValidateInputIfRequiredByConfig()
   at System.Web.HttpApplication.PipelineStepManager.ValidateHelper(HttpContext context)

Additional Info:

MachineName : LAPTOP-I8FOB9EQ
TimeStamp : 6/22/2022 4:51:51 AM
FullName : Telerik.Sitefinity.Utilities, Version=14.1.7824.0, Culture=neutral, PublicKeyToken=b28c218413bdf563
AppDomainName : /LM/W3SVC/2/ROOT-1-133003458045861720
ThreadIdentity : 
WindowsIdentity : LAPTOP-I8FOB9EQ\tekch
Requested URL : https://localhost:5001/Sitefinity/adminapp/pages/(sfedit/34d23da1-c4c1-435c-93e4-48c43d8920c8/dialog:confirm/videos/pexels-pavel-danilyuk-8716790.mp4


Category: ErrorLog

Priority: 0

EventId: 90000

Severity: Error

Title:Enterprise Library Exception Handling

Machine: LAPTOP-I8FOB9EQ

App Domain: /LM/W3SVC/2/ROOT-1-133003458045861720

ProcessId: 41592

Process Name: C:\Program Files\IIS Express\iisexpress.exe

Thread Name: 

Win32 ThreadId:14228

Extended Properties: 
----------------------------------------
----------------------------------------
ActivityId: 00000000-0000-0000-0000-000000000000

Timestamp: 6/22/2022 4:53:46 AM

Message: HandlingInstanceID: 0dc87c37-18cf-47d9-a1bb-d5df93dbc979
An exception of type 'System.Web.HttpException' occurred and was caught.
------------------------------------------------------------------------
06/22/2022 10:23:46
Type : System.Web.HttpException, System.Web, Version=4.0.0.0, Culture=neutral, PublicKeyToken=b03f5f7f11d50a3a
Message : A potentially dangerous Request.Path value was detected from the client (:).
Source : System.Web
Help link : 
WebEventCode : 0
ErrorCode : -2147467259
Data : System.Collections.ListDictionaryInternal
TargetSite : Void ValidateInputIfRequiredByConfig()
HResult : -2147467259
Stack Trace :    at System.Web.HttpRequest.ValidateInputIfRequiredByConfig()
   at System.Web.HttpApplication.PipelineStepManager.ValidateHelper(HttpContext context)

Additional Info:

MachineName : LAPTOP-I8FOB9EQ
TimeStamp : 6/22/2022 4:53:46 AM
FullName : Telerik.Sitefinity.Utilities, Version=14.1.7824.0, Culture=neutral, PublicKeyToken=b28c218413bdf563
AppDomainName : /LM/W3SVC/2/ROOT-1-133003458045861720
ThreadIdentity : 
WindowsIdentity : LAPTOP-I8FOB9EQ\tekch
Requested URL : https://localhost:5001/Sitefinity/adminapp/pages/(sfedit/34d23da1-c4c1-435c-93e4-48c43d8920c8/dialog:confirm/images/highlight/jakob-dalbjorn-cuKJre3nyYc-unsplash.jpg


Category: ErrorLog

Priority: 0

EventId: 90000

Severity: Error

Title:Enterprise Library Exception Handling

Machine: LAPTOP-I8FOB9EQ

App Domain: /LM/W3SVC/2/ROOT-1-133003458045861720

ProcessId: 41592

Process Name: C:\Program Files\IIS Express\iisexpress.exe

Thread Name: 

Win32 ThreadId:45896

Extended Properties: 
----------------------------------------
----------------------------------------
ActivityId: 00000000-0000-0000-0000-000000000000

Timestamp: 6/22/2022 4:53:46 AM

Message: HandlingInstanceID: a6764f94-56e4-4e7b-91fa-bb0e5cc64248
An exception of type 'System.Web.HttpException' occurred and was caught.
------------------------------------------------------------------------
06/22/2022 10:23:46
Type : System.Web.HttpException, System.Web, Version=4.0.0.0, Culture=neutral, PublicKeyToken=b03f5f7f11d50a3a
Message : A potentially dangerous Request.Path value was detected from the client (:).
Source : System.Web
Help link : 
WebEventCode : 0
ErrorCode : -2147467259
Data : System.Collections.ListDictionaryInternal
TargetSite : Void ValidateInputIfRequiredByConfig()
HResult : -2147467259
Stack Trace :    at System.Web.HttpRequest.ValidateInputIfRequiredByConfig()
   at System.Web.HttpApplication.PipelineStepManager.ValidateHelper(HttpContext context)

Additional Info:

MachineName : LAPTOP-I8FOB9EQ
TimeStamp : 6/22/2022 4:53:46 AM
FullName : Telerik.Sitefinity.Utilities, Version=14.1.7824.0, Culture=neutral, PublicKeyToken=b28c218413bdf563
AppDomainName : /LM/W3SVC/2/ROOT-1-133003458045861720
ThreadIdentity : 
WindowsIdentity : LAPTOP-I8FOB9EQ\tekch
Requested URL : https://localhost:5001/Sitefinity/adminapp/pages/(sfedit/34d23da1-c4c1-435c-93e4-48c43d8920c8/dialog:confirm/images/highlight/miguel-henriques--8atMWER8bI-unsplash.jpg


Category: ErrorLog

Priority: 0

EventId: 90000

Severity: Error

Title:Enterprise Library Exception Handling

Machine: LAPTOP-I8FOB9EQ

App Domain: /LM/W3SVC/2/ROOT-1-133003458045861720

ProcessId: 41592

Process Name: C:\Program Files\IIS Express\iisexpress.exe

Thread Name: 

Win32 ThreadId:44648

Extended Properties: 
----------------------------------------
----------------------------------------
ActivityId: 00000000-0000-0000-0000-000000000000

Timestamp: 6/22/2022 4:53:46 AM

Message: HandlingInstanceID: ea00a502-9610-44a0-895c-25dba6b97c52
An exception of type 'System.Web.HttpException' occurred and was caught.
------------------------------------------------------------------------
06/22/2022 10:23:46
Type : System.Web.HttpException, System.Web, Version=4.0.0.0, Culture=neutral, PublicKeyToken=b03f5f7f11d50a3a
Message : A potentially dangerous Request.Path value was detected from the client (:).
Source : System.Web
Help link : 
WebEventCode : 0
ErrorCode : -2147467259
Data : System.Collections.ListDictionaryInternal
TargetSite : Void ValidateInputIfRequiredByConfig()
HResult : -2147467259
Stack Trace :    at System.Web.HttpRequest.ValidateInputIfRequiredByConfig()
   at System.Web.HttpApplication.PipelineStepManager.ValidateHelper(HttpContext context)

Additional Info:

MachineName : LAPTOP-I8FOB9EQ
TimeStamp : 6/22/2022 4:53:46 AM
FullName : Telerik.Sitefinity.Utilities, Version=14.1.7824.0, Culture=neutral, PublicKeyToken=b28c218413bdf563
AppDomainName : /LM/W3SVC/2/ROOT-1-133003458045861720
ThreadIdentity : 
WindowsIdentity : LAPTOP-I8FOB9EQ\tekch
Requested URL : https://localhost:5001/Sitefinity/adminapp/pages/(sfedit/34d23da1-c4c1-435c-93e4-48c43d8920c8/dialog:confirm/images/highlight/alexandre-pellaes-6vAjp0pscX0-unsplash.jpg


Category: ErrorLog

Priority: 0

EventId: 90000

Severity: Error

Title:Enterprise Library Exception Handling

Machine: LAPTOP-I8FOB9EQ

App Domain: /LM/W3SVC/2/ROOT-1-133003458045861720

ProcessId: 41592

Process Name: C:\Program Files\IIS Express\iisexpress.exe

Thread Name: 

Win32 ThreadId:45896

Extended Properties: 
----------------------------------------
----------------------------------------
ActivityId: 00000000-0000-0000-0000-000000000000

Timestamp: 6/22/2022 6:43:26 AM

Message: HandlingInstanceID: 77732be2-0b6f-4c29-b4eb-2c97551904a8
An exception of type 'System.Web.HttpException' occurred and was caught.
------------------------------------------------------------------------
06/22/2022 12:13:26
Type : System.Web.HttpException, System.Web, Version=4.0.0.0, Culture=neutral, PublicKeyToken=b03f5f7f11d50a3a
Message : A potentially dangerous Request.Path value was detected from the client (:).
Source : System.Web
Help link : 
WebEventCode : 0
ErrorCode : -2147467259
Data : System.Collections.ListDictionaryInternal
TargetSite : Void ValidateInputIfRequiredByConfig()
HResult : -2147467259
Stack Trace :    at System.Web.HttpRequest.ValidateInputIfRequiredByConfig()
   at System.Web.HttpApplication.PipelineStepManager.ValidateHelper(HttpContext context)

Additional Info:

MachineName : LAPTOP-I8FOB9EQ
TimeStamp : 6/22/2022 6:43:26 AM
FullName : Telerik.Sitefinity.Utilities, Version=14.1.7824.0, Culture=neutral, PublicKeyToken=b28c218413bdf563
AppDomainName : /LM/W3SVC/2/ROOT-1-133003458045861720
ThreadIdentity : 
WindowsIdentity : LAPTOP-I8FOB9EQ\tekch
Requested URL : https://localhost:5001/Sitefinity/adminapp/pages/(sfedit/34d23da1-c4c1-435c-93e4-48c43d8920c8/dialog:confirm/editWidgetPropsBasic)?sf_culture=en&sf_provider=OpenAccessDataProvider&reload=0.34211152790841926


Category: ErrorLog

Priority: 0

EventId: 90000

Severity: Error

Title:Enterprise Library Exception Handling

Machine: LAPTOP-I8FOB9EQ

App Domain: /LM/W3SVC/2/ROOT-1-133003458045861720

ProcessId: 41592

Process Name: C:\Program Files\IIS Express\iisexpress.exe

Thread Name: 

Win32 ThreadId:19756

Extended Properties: 
----------------------------------------
