----------------------------------------
ActivityId: 8f8a0411-3faf-445d-8bbe-9432ad2b5006

Timestamp: 7/4/2022 4:32:50 PM

Message: HandlingInstanceID: 60a04da3-0669-487b-a355-408d481f80ce
An exception of type 'System.ArgumentNullException' occurred and was caught.
----------------------------------------------------------------------------
07/04/2022 22:02:50
Type : System.ArgumentNullException, mscorlib, Version=4.0.0.0, Culture=neutral, PublicKeyToken=b77a5c561934e089
Message : Value cannot be null.
Parameter name: input
Source : Unity_ILEmit_DynamicClasses
Help link : 
ParamName : input
Data : System.Collections.ListDictionaryInternal
TargetSite : System.String ApplyFilters(Telerik.Sitefinity.GenericContent.Model.Content, System.String)
HResult : -2147467261
Stack Trace :    at DynamicModule.ns.Wrapped_OpenAccessNewsProvider_760d6cb423fe488dbad0dc712d6c4479.ApplyFilters(Content content, String html)
   at Telerik.Sitefinity.News.Model.NewsItem.get_Content()

Additional Info:

MachineName : LAPTOP-I8FOB9EQ
TimeStamp : 7/4/2022 4:32:50 PM
FullName : Telerik.Sitefinity.Utilities, Version=14.1.7824.0, Culture=neutral, PublicKeyToken=b28c218413bdf563
AppDomainName : /LM/W3SVC/2/ROOT-1-133013895618900398
ThreadIdentity : admin@admin.com
WindowsIdentity : LAPTOP-I8FOB9EQ\tekch
Requested URL : https://localhost:5001/sf/system/$batch?sf_provider=OpenAccessDataProvider&sf_culture=en&sf_site=e5611185-ee85-48d0-841f-32d38615eacf


Category: ErrorLog

Priority: 0

EventId: 90000

Severity: Error

Title:Enterprise Library Exception Handling

Machine: LAPTOP-I8FOB9EQ

App Domain: /LM/W3SVC/2/ROOT-1-133013895618900398

ProcessId: 38428

Process Name: C:\Program Files\IIS Express\iisexpress.exe

Thread Name: 

Win32 ThreadId:31632

Extended Properties: 
----------------------------------------
----------------------------------------
ActivityId: 88c61ab9-2a5f-4268-abb9-12b63c633945

Timestamp: 7/4/2022 5:29:13 PM

Message: HandlingInstanceID: b8fe7337-c62c-4afd-9512-a79a8333b9f7
An exception of type 'System.ArgumentNullException' occurred and was caught.
----------------------------------------------------------------------------
07/04/2022 22:59:13
Type : System.ArgumentNullException, mscorlib, Version=4.0.0.0, Culture=neutral, PublicKeyToken=b77a5c561934e089
Message : Value cannot be null.
Parameter name: input
Source : Unity_ILEmit_DynamicClasses
Help link : 
ParamName : input
Data : System.Collections.ListDictionaryInternal
TargetSite : System.String ApplyFilters(Telerik.Sitefinity.GenericContent.Model.Content, System.String)
HResult : -2147467261
Stack Trace :    at DynamicModule.ns.Wrapped_OpenAccessNewsProvider_760d6cb423fe488dbad0dc712d6c4479.ApplyFilters(Content content, String html)
   at Telerik.Sitefinity.News.Model.NewsItem.get_Content()

Additional Info:

MachineName : LAPTOP-I8FOB9EQ
TimeStamp : 7/4/2022 5:29:13 PM
FullName : Telerik.Sitefinity.Utilities, Version=14.1.7824.0, Culture=neutral, PublicKeyToken=b28c218413bdf563
AppDomainName : /LM/W3SVC/2/ROOT-1-133013895618900398
ThreadIdentity : admin@admin.com
WindowsIdentity : LAPTOP-I8FOB9EQ\tekch
Requested URL : https://localhost:5001/sf/system/$batch?sf_provider=OpenAccessDataProvider&sf_culture=en&sf_site=e5611185-ee85-48d0-841f-32d38615eacf


Category: ErrorLog

Priority: 0

EventId: 90000

Severity: Error

Title:Enterprise Library Exception Handling

Machine: LAPTOP-I8FOB9EQ

App Domain: /LM/W3SVC/2/ROOT-1-133013895618900398

ProcessId: 38428

Process Name: C:\Program Files\IIS Express\iisexpress.exe

Thread Name: 

Win32 ThreadId:23932

Extended Properties: 
----------------------------------------
----------------------------------------
ActivityId: 5a84d97e-3e61-49c9-aab4-dd99b76d2021

Timestamp: 7/4/2022 5:31:37 PM

Message: HandlingInstanceID: 60c93376-c331-4306-9e2c-4d77d1243303
An exception of type 'System.ArgumentNullException' occurred and was caught.
----------------------------------------------------------------------------
07/04/2022 23:01:37
Type : System.ArgumentNullException, mscorlib, Version=4.0.0.0, Culture=neutral, PublicKeyToken=b77a5c561934e089
Message : Value cannot be null.
Parameter name: input
Source : Unity_ILEmit_DynamicClasses
Help link : 
ParamName : input
Data : System.Collections.ListDictionaryInternal
TargetSite : System.String ApplyFilters(Telerik.Sitefinity.GenericContent.Model.Content, System.String)
HResult : -2147467261
Stack Trace :    at DynamicModule.ns.Wrapped_OpenAccessNewsProvider_760d6cb423fe488dbad0dc712d6c4479.ApplyFilters(Content content, String html)
   at Telerik.Sitefinity.News.Model.NewsItem.get_Content()

Additional Info:

MachineName : LAPTOP-I8FOB9EQ
TimeStamp : 7/4/2022 5:31:37 PM
FullName : Telerik.Sitefinity.Utilities, Version=14.1.7824.0, Culture=neutral, PublicKeyToken=b28c218413bdf563
AppDomainName : /LM/W3SVC/2/ROOT-1-133013895618900398
ThreadIdentity : admin@admin.com
WindowsIdentity : LAPTOP-I8FOB9EQ\tekch
Requested URL : https://localhost:5001/sf/system/$batch?sf_provider=OpenAccessDataProvider&sf_culture=en&sf_site=e5611185-ee85-48d0-841f-32d38615eacf


Category: ErrorLog

Priority: 0

EventId: 90000

Severity: Error

Title:Enterprise Library Exception Handling

Machine: LAPTOP-I8FOB9EQ

App Domain: /LM/W3SVC/2/ROOT-1-133013895618900398

ProcessId: 38428

Process Name: C:\Program Files\IIS Express\iisexpress.exe

Thread Name: 

Win32 ThreadId:42048

Extended Properties: 
----------------------------------------
----------------------------------------
ActivityId: b6f79235-5369-4856-87f4-e59fa2e67e07

Timestamp: 7/4/2022 5:37:25 PM

Message: HandlingInstanceID: 9e177fd9-383a-436f-9577-aed33c3e2776
An exception of type 'System.ArgumentNullException' occurred and was caught.
----------------------------------------------------------------------------
07/04/2022 23:07:25
Type : System.ArgumentNullException, mscorlib, Version=4.0.0.0, Culture=neutral, PublicKeyToken=b77a5c561934e089
Message : Value cannot be null.
Parameter name: input
Source : Unity_ILEmit_DynamicClasses
Help link : 
ParamName : input
Data : System.Collections.ListDictionaryInternal
TargetSite : System.String ApplyFilters(Telerik.Sitefinity.GenericContent.Model.Content, System.String)
HResult : -2147467261
Stack Trace :    at DynamicModule.ns.Wrapped_OpenAccessNewsProvider_760d6cb423fe488dbad0dc712d6c4479.ApplyFilters(Content content, String html)
   at Telerik.Sitefinity.News.Model.NewsItem.get_Content()

Additional Info:

MachineName : LAPTOP-I8FOB9EQ
TimeStamp : 7/4/2022 5:37:25 PM
FullName : Telerik.Sitefinity.Utilities, Version=14.1.7824.0, Culture=neutral, PublicKeyToken=b28c218413bdf563
AppDomainName : /LM/W3SVC/2/ROOT-1-133013895618900398
ThreadIdentity : admin@admin.com
WindowsIdentity : LAPTOP-I8FOB9EQ\tekch
Requested URL : https://localhost:5001/sf/system/$batch?sf_provider=OpenAccessDataProvider&sf_culture=en&sf_site=e5611185-ee85-48d0-841f-32d38615eacf


Category: ErrorLog

Priority: 0

EventId: 90000

Severity: Error

Title:Enterprise Library Exception Handling

Machine: LAPTOP-I8FOB9EQ

App Domain: /LM/W3SVC/2/ROOT-1-133013895618900398

ProcessId: 38428

Process Name: C:\Program Files\IIS Express\iisexpress.exe

Thread Name: 

Win32 ThreadId:34212

Extended Properties: 
----------------------------------------
