----------------------------------------
Timestamp: 6/22/2022 4:31:26 AM

Message: Scheduler: Task executed: 'Telerik.Sitefinity.ServiceHooks.Scheduling.ServiceHooksActivitiesCleanupTask'. Start time: 6/22/2022 4:31:26 AM. End time: 6/22/2022 4:31:26 AM. Task data: ''


----------------------------------------
----------------------------------------
Timestamp: 6/22/2022 4:31:26 AM

Message: Scheduler: Task executed: 'Telerik.Sitefinity.Services.Notifications.Scheduling.NotificationsCleanupTask'. Start time: 6/22/2022 4:31:25 AM. End time: 6/22/2022 4:31:26 AM. Task data: ''


----------------------------------------
----------------------------------------
Timestamp: 6/22/2022 4:31:26 AM

Message: Scheduler: Task executed: 'Telerik.Sitefinity.Versioning.Cleaner.VersioningCleanerTask'. Start time: 6/22/2022 4:31:26 AM. End time: 6/22/2022 4:31:26 AM. Task data: ''


----------------------------------------
----------------------------------------
Timestamp: 6/22/2022 4:31:26 AM

Message: Scheduler: Task executed: 'Telerik.Sitefinity.ABTesting.Scheduling.ABTestsSyncTask'. Start time: 6/22/2022 4:31:25 AM. End time: 6/22/2022 4:31:26 AM. Task data: ''


----------------------------------------
----------------------------------------
Timestamp: 6/22/2022 4:31:26 AM

Message: Scheduler: Task executed: 'Telerik.Sitefinity.Translations.Synchronization.TranslationSyncTask'. Start time: 6/22/2022 4:31:26 AM. End time: 6/22/2022 4:31:26 AM. Task data: ''


----------------------------------------
----------------------------------------
Timestamp: 6/22/2022 4:31:28 AM

Message: Scheduler: Task executed: 'Telerik.Sitefinity.Lifecycle.Cleanup.TempItemsCleanupTask'. Start time: 6/22/2022 4:31:26 AM. End time: 6/22/2022 4:31:28 AM. Task data: ''


----------------------------------------
----------------------------------------
Timestamp: 6/22/2022 4:31:31 AM

Message: Scheduler: Task executed: 'Telerik.Sitefinity.UsageTracking.Scheduling.UsageTrackingTask'. Start time: 6/22/2022 4:31:26 AM. End time: 6/22/2022 4:31:31 AM. Task data: ''


----------------------------------------
----------------------------------------
Timestamp: 6/22/2022 4:31:31 AM

Message: Scheduler: Task executed: 'Telerik.Sitefinity.Translations.Synchronization.TranslationImportTask'. Start time: 6/22/2022 4:31:31 AM. End time: 6/22/2022 4:31:31 AM. Task data: ''


----------------------------------------
----------------------------------------
Timestamp: 6/22/2022 6:31:05 AM

Message: Scheduler: Task executed: 'Telerik.Sitefinity.ABTesting.Scheduling.ABTestsSyncTask'. Start time: 6/22/2022 6:31:05 AM. End time: 6/22/2022 6:31:05 AM. Task data: ''


----------------------------------------
----------------------------------------
Timestamp: 6/22/2022 1:36:45 PM

Message: Scheduler: Task executed: 'Telerik.Sitefinity.ABTesting.Scheduling.ABTestsSyncTask'. Start time: 6/22/2022 1:36:45 PM. End time: 6/22/2022 1:36:45 PM. Task data: ''


----------------------------------------
