----------------------------------------
Timestamp: 6/23/2022 6:27:30 AM

Message: Scheduler: Task executed: 'Telerik.Sitefinity.Translations.Synchronization.TranslationSyncTask'. Start time: 6/23/2022 6:27:30 AM. End time: 6/23/2022 6:27:30 AM. Task data: ''


----------------------------------------
----------------------------------------
Timestamp: 6/23/2022 6:27:30 AM

Message: Scheduler: Task executed: 'Telerik.Sitefinity.ServiceHooks.Scheduling.ServiceHooksActivitiesCleanupTask'. Start time: 6/23/2022 6:27:30 AM. End time: 6/23/2022 6:27:30 AM. Task data: ''


----------------------------------------
----------------------------------------
Timestamp: 6/23/2022 6:27:30 AM

Message: Scheduler: Task executed: 'Telerik.Sitefinity.ABTesting.Scheduling.ABTestsSyncTask'. Start time: 6/23/2022 6:27:30 AM. End time: 6/23/2022 6:27:30 AM. Task data: ''


----------------------------------------
----------------------------------------
Timestamp: 6/23/2022 6:27:30 AM

Message: Scheduler: Task executed: 'Telerik.Sitefinity.Services.Notifications.Scheduling.NotificationsCleanupTask'. Start time: 6/23/2022 6:27:30 AM. End time: 6/23/2022 6:27:30 AM. Task data: ''


----------------------------------------
----------------------------------------
Timestamp: 6/23/2022 6:27:30 AM

Message: Scheduler: Task executed: 'Telerik.Sitefinity.Translations.Synchronization.TranslationImportTask'. Start time: 6/23/2022 6:27:30 AM. End time: 6/23/2022 6:27:30 AM. Task data: ''


----------------------------------------
----------------------------------------
Timestamp: 6/23/2022 6:27:30 AM

Message: Scheduler: Task executed: 'Telerik.Sitefinity.Versioning.Cleaner.VersioningCleanerTask'. Start time: 6/23/2022 6:27:30 AM. End time: 6/23/2022 6:27:30 AM. Task data: ''


----------------------------------------
----------------------------------------
Timestamp: 6/23/2022 6:27:36 AM

Message: Scheduler: Task executed: 'Telerik.Sitefinity.UsageTracking.Scheduling.UsageTrackingTask'. Start time: 6/23/2022 6:27:30 AM. End time: 6/23/2022 6:27:36 AM. Task data: ''


----------------------------------------
----------------------------------------
Timestamp: 6/23/2022 6:31:01 AM

Message: Scheduler: Task executed: 'Telerik.Sitefinity.ABTesting.Scheduling.ABTestsSyncTask'. Start time: 6/23/2022 6:31:01 AM. End time: 6/23/2022 6:31:01 AM. Task data: ''


----------------------------------------
