----------------------------------------
Timestamp: 6/29/2022 8:07:24 PM

Message: Scheduler: Task executed: 'Telerik.Sitefinity.ABTesting.Scheduling.ABTestsSyncTask'. Start time: 6/29/2022 8:07:24 PM. End time: 6/29/2022 8:07:24 PM. Task data: ''


----------------------------------------
----------------------------------------
Timestamp: 6/29/2022 8:07:24 PM

Message: Scheduler: Task executed: 'Telerik.Sitefinity.Translations.Synchronization.TranslationSyncTask'. Start time: 6/29/2022 8:07:24 PM. End time: 6/29/2022 8:07:24 PM. Task data: ''


----------------------------------------
----------------------------------------
Timestamp: 6/29/2022 8:07:24 PM

Message: Scheduler: Task executed: 'Telerik.Sitefinity.Services.Notifications.Scheduling.NotificationsCleanupTask'. Start time: 6/29/2022 8:07:24 PM. End time: 6/29/2022 8:07:24 PM. Task data: ''


----------------------------------------
----------------------------------------
Timestamp: 6/29/2022 8:07:24 PM

Message: Scheduler: Task executed: 'Telerik.Sitefinity.Versioning.Cleaner.VersioningCleanerTask'. Start time: 6/29/2022 8:07:24 PM. End time: 6/29/2022 8:07:24 PM. Task data: ''


----------------------------------------
----------------------------------------
Timestamp: 6/29/2022 8:07:24 PM

Message: Scheduler: Task executed: 'Telerik.Sitefinity.Translations.Synchronization.TranslationImportTask'. Start time: 6/29/2022 8:07:24 PM. End time: 6/29/2022 8:07:24 PM. Task data: ''


----------------------------------------
----------------------------------------
Timestamp: 6/29/2022 8:07:24 PM

Message: Scheduler: Task executed: 'Telerik.Sitefinity.ServiceHooks.Scheduling.ServiceHooksActivitiesCleanupTask'. Start time: 6/29/2022 8:07:24 PM. End time: 6/29/2022 8:07:24 PM. Task data: ''


----------------------------------------
----------------------------------------
Timestamp: 6/29/2022 8:07:26 PM

Message: Scheduler: Task executed: 'Telerik.Sitefinity.Lifecycle.Cleanup.TempItemsCleanupTask'. Start time: 6/29/2022 8:07:24 PM. End time: 6/29/2022 8:07:26 PM. Task data: ''


----------------------------------------
----------------------------------------
Timestamp: 6/29/2022 8:07:30 PM

Message: Scheduler: Task executed: 'Telerik.Sitefinity.UsageTracking.Scheduling.UsageTrackingTask'. Start time: 6/29/2022 8:07:24 PM. End time: 6/29/2022 8:07:30 PM. Task data: ''


----------------------------------------
----------------------------------------
Timestamp: 6/30/2022 4:13:09 AM

Message: Scheduler: Task executed: 'Telerik.Sitefinity.ABTesting.Scheduling.ABTestsSyncTask'. Start time: 6/30/2022 4:13:09 AM. End time: 6/30/2022 4:13:09 AM. Task data: ''


----------------------------------------
----------------------------------------
Timestamp: 6/30/2022 4:13:09 AM

Message: Scheduler: Task executed: 'Telerik.Sitefinity.Versioning.Cleaner.VersioningCleanerTask'. Start time: 6/30/2022 4:13:09 AM. End time: 6/30/2022 4:13:09 AM. Task data: ''


----------------------------------------
----------------------------------------
Timestamp: 6/30/2022 12:58:39 PM

Message: Scheduler: Task executed: 'Telerik.Sitefinity.ABTesting.Scheduling.ABTestsSyncTask'. Start time: 6/30/2022 12:58:39 PM. End time: 6/30/2022 12:58:39 PM. Task data: ''


----------------------------------------
