----------------------------------------
Timestamp: 7/4/2022 6:27:06 AM

Message: Scheduler: Task executed: 'Telerik.Sitefinity.Versioning.Cleaner.VersioningCleanerTask'. Start time: 7/4/2022 6:27:06 AM. End time: 7/4/2022 6:27:06 AM. Task data: ''


----------------------------------------
----------------------------------------
Timestamp: 7/4/2022 6:27:06 AM

Message: Scheduler: Task executed: 'Telerik.Sitefinity.ServiceHooks.Scheduling.ServiceHooksActivitiesCleanupTask'. Start time: 7/4/2022 6:27:06 AM. End time: 7/4/2022 6:27:06 AM. Task data: ''


----------------------------------------
----------------------------------------
Timestamp: 7/4/2022 6:27:06 AM

Message: Scheduler: Task executed: 'Telerik.Sitefinity.Services.Notifications.Scheduling.NotificationsCleanupTask'. Start time: 7/4/2022 6:27:06 AM. End time: 7/4/2022 6:27:06 AM. Task data: ''


----------------------------------------
----------------------------------------
Timestamp: 7/4/2022 6:27:06 AM

Message: Scheduler: Task executed: 'Telerik.Sitefinity.Translations.Synchronization.TranslationSyncTask'. Start time: 7/4/2022 6:27:06 AM. End time: 7/4/2022 6:27:06 AM. Task data: ''


----------------------------------------
----------------------------------------
Timestamp: 7/4/2022 6:27:06 AM

Message: Scheduler: Task executed: 'Telerik.Sitefinity.ABTesting.Scheduling.ABTestsSyncTask'. Start time: 7/4/2022 6:27:06 AM. End time: 7/4/2022 6:27:06 AM. Task data: ''


----------------------------------------
----------------------------------------
Timestamp: 7/4/2022 6:27:08 AM

Message: Scheduler: Task executed: 'Telerik.Sitefinity.Lifecycle.Cleanup.TempItemsCleanupTask'. Start time: 7/4/2022 6:27:06 AM. End time: 7/4/2022 6:27:08 AM. Task data: ''


----------------------------------------
----------------------------------------
Timestamp: 7/4/2022 6:27:12 AM

Message: Scheduler: Task executed: 'Telerik.Sitefinity.UsageTracking.Scheduling.UsageTrackingTask'. Start time: 7/4/2022 6:27:06 AM. End time: 7/4/2022 6:27:12 AM. Task data: ''


----------------------------------------
----------------------------------------
Timestamp: 7/4/2022 6:27:12 AM

Message: Scheduler: Task executed: 'Telerik.Sitefinity.Translations.Synchronization.TranslationImportTask'. Start time: 7/4/2022 6:27:12 AM. End time: 7/4/2022 6:27:12 AM. Task data: ''


----------------------------------------
----------------------------------------
Timestamp: 7/4/2022 6:31:08 AM

Message: Scheduler: Task executed: 'Telerik.Sitefinity.ABTesting.Scheduling.ABTestsSyncTask'. Start time: 7/4/2022 6:31:08 AM. End time: 7/4/2022 6:31:08 AM. Task data: ''


----------------------------------------
----------------------------------------
Timestamp: 7/4/2022 3:05:31 PM

Message: Scheduler: Task executed: 'Telerik.Sitefinity.ABTesting.Scheduling.ABTestsSyncTask'. Start time: 7/4/2022 3:05:31 PM. End time: 7/4/2022 3:05:31 PM. Task data: ''


----------------------------------------
----------------------------------------
Timestamp: 7/4/2022 6:30:05 PM

Message: Scheduler: Task executed: 'Telerik.Sitefinity.Translations.Synchronization.TranslationSyncTask'. Start time: 7/4/2022 6:30:05 PM. End time: 7/4/2022 6:30:05 PM. Task data: ''


----------------------------------------
----------------------------------------
Timestamp: 7/4/2022 6:30:05 PM

Message: Scheduler: Task executed: 'Telerik.Sitefinity.Services.Notifications.Scheduling.NotificationsCleanupTask'. Start time: 7/4/2022 6:30:05 PM. End time: 7/4/2022 6:30:05 PM. Task data: ''


----------------------------------------
----------------------------------------
Timestamp: 7/4/2022 6:30:05 PM

Message: Scheduler: Task executed: 'Telerik.Sitefinity.ServiceHooks.Scheduling.ServiceHooksActivitiesCleanupTask'. Start time: 7/4/2022 6:30:05 PM. End time: 7/4/2022 6:30:05 PM. Task data: ''


----------------------------------------
----------------------------------------
Timestamp: 7/4/2022 6:30:05 PM

Message: Scheduler: Task executed: 'Telerik.Sitefinity.Translations.Synchronization.TranslationImportTask'. Start time: 7/4/2022 6:30:05 PM. End time: 7/4/2022 6:30:05 PM. Task data: ''


----------------------------------------
----------------------------------------
Timestamp: 7/4/2022 6:30:09 PM

Message: Scheduler: Task executed: 'Telerik.Sitefinity.UsageTracking.Scheduling.UsageTrackingTask'. Start time: 7/4/2022 6:30:05 PM. End time: 7/4/2022 6:30:09 PM. Task data: ''


----------------------------------------
----------------------------------------
Timestamp: 7/4/2022 6:31:08 PM

Message: Scheduler: Task executed: 'Telerik.Sitefinity.ABTesting.Scheduling.ABTestsSyncTask'. Start time: 7/4/2022 6:31:08 PM. End time: 7/4/2022 6:31:08 PM. Task data: ''


----------------------------------------
